{"/home/travis/build/npmtest/node-npmtest-electron-workers/test.js":{"path":"/home/travis/build/npmtest/node-npmtest-electron-workers/test.js","s":{"1":2,"2":2,"3":2,"4":2,"5":2,"6":2,"7":2,"8":1,"9":2,"10":2,"11":1,"12":1,"13":1,"14":1,"15":2,"16":2,"17":2,"18":2,"19":1,"20":1,"21":2,"22":2,"23":2,"24":1,"25":1,"26":1,"27":1,"28":1,"29":1,"30":1,"31":1,"32":1,"33":1,"34":1,"35":1,"36":1,"37":1,"38":1,"39":2,"40":2,"41":1,"42":2,"43":2,"44":1,"45":2,"46":2,"47":1,"48":2,"49":2,"50":1,"51":1,"52":1,"53":1,"54":1},"b":{"1":[2,1,1,1],"2":[1,1,1,1],"3":[1,1],"4":[1,1],"5":[1,1],"6":[1,1],"7":[1,1],"8":[1,1],"9":[1,1],"10":[1,1,1],"11":[1,1],"12":[1,1],"13":[1,1],"14":[1,1],"15":[1,1],"16":[1,1],"17":[1,1]},"f":{"1":2,"2":2,"3":2,"4":2,"5":2,"6":1,"7":1,"8":1,"9":2,"10":2,"11":2,"12":2,"13":1},"fnMap":{"1":{"name":"(anonymous_1)","line":12,"loc":{"start":{"line":12,"column":1},"end":{"line":12,"column":13}}},"2":{"name":"(anonymous_2)","line":19,"loc":{"start":{"line":19,"column":5},"end":{"line":19,"column":17}}},"3":{"name":"(anonymous_3)","line":23,"loc":{"start":{"line":23,"column":24},"end":{"line":23,"column":36}}},"4":{"name":"(anonymous_4)","line":61,"loc":{"start":{"line":61,"column":5},"end":{"line":61,"column":17}}},"5":{"name":"(anonymous_5)","line":82,"loc":{"start":{"line":82,"column":5},"end":{"line":82,"column":17}}},"6":{"name":"(anonymous_6)","line":91,"loc":{"start":{"line":91,"column":77},"end":{"line":94,"column":10}}},"7":{"name":"(anonymous_7)","line":112,"loc":{"start":{"line":112,"column":83},"end":{"line":115,"column":10}},"skip":true},"8":{"name":"(anonymous_8)","line":123,"loc":{"start":{"line":123,"column":77},"end":{"line":126,"column":10}},"skip":true},"9":{"name":"(anonymous_9)","line":139,"loc":{"start":{"line":139,"column":12},"end":{"line":139,"column":40}},"skip":true},"10":{"name":"(anonymous_10)","line":147,"loc":{"start":{"line":147,"column":77},"end":{"line":150,"column":10}},"skip":true},"11":{"name":"(anonymous_11)","line":158,"loc":{"start":{"line":158,"column":83},"end":{"line":161,"column":10}},"skip":true},"12":{"name":"(anonymous_12)","line":169,"loc":{"start":{"line":169,"column":79},"end":{"line":172,"column":10}},"skip":true},"13":{"name":"(anonymous_13)","line":180,"loc":{"start":{"line":180,"column":75},"end":{"line":183,"column":10}},"skip":true}},"statementMap":{"1":{"start":{"line":12,"column":0},"end":{"line":195,"column":5}},"2":{"start":{"line":14,"column":4},"end":{"line":14,"column":14}},"3":{"start":{"line":19,"column":4},"end":{"line":56,"column":9}},"4":{"start":{"line":21,"column":8},"end":{"line":21,"column":19}},"5":{"start":{"line":23,"column":8},"end":{"line":35,"column":13}},"6":{"start":{"line":24,"column":12},"end":{"line":34,"column":13}},"7":{"start":{"line":25,"column":16},"end":{"line":28,"column":30}},"8":{"start":{"line":30,"column":16},"end":{"line":33,"column":27}},"9":{"start":{"line":37,"column":8},"end":{"line":39,"column":21}},"10":{"start":{"line":40,"column":8},"end":{"line":53,"column":9}},"11":{"start":{"line":43,"column":12},"end":{"line":46,"column":14}},"12":{"start":{"line":47,"column":12},"end":{"line":47,"column":18}},"13":{"start":{"line":50,"column":12},"end":{"line":51,"column":46}},"14":{"start":{"line":52,"column":12},"end":{"line":52,"column":18}},"15":{"start":{"line":55,"column":8},"end":{"line":55,"column":35}},"16":{"start":{"line":61,"column":4},"end":{"line":63,"column":9}},"17":{"start":{"line":62,"column":8},"end":{"line":62,"column":15}},"18":{"start":{"line":64,"column":4},"end":{"line":77,"column":5}},"19":{"start":{"line":70,"column":8},"end":{"line":70,"column":14}},"20":{"start":{"line":76,"column":8},"end":{"line":76,"column":14}},"21":{"start":{"line":82,"column":4},"end":{"line":84,"column":9}},"22":{"start":{"line":83,"column":8},"end":{"line":83,"column":15}},"23":{"start":{"line":85,"column":4},"end":{"line":194,"column":5}},"24":{"start":{"line":91,"column":8},"end":{"line":99,"column":10}},"25":{"start":{"line":98,"column":12},"end":{"line":98,"column":35}},"26":{"start":{"line":102,"column":8},"end":{"line":104,"column":63}},"27":{"start":{"line":105,"column":8},"end":{"line":105,"column":14}},"28":{"start":{"line":112,"column":8},"end":{"line":121,"column":10},"skip":true},"29":{"start":{"line":119,"column":12},"end":{"line":119,"column":55},"skip":true},"30":{"start":{"line":120,"column":12},"end":{"line":120,"column":48},"skip":true},"31":{"start":{"line":123,"column":8},"end":{"line":136,"column":10},"skip":true},"32":{"start":{"line":130,"column":12},"end":{"line":130,"column":76},"skip":true},"33":{"start":{"line":131,"column":12},"end":{"line":131,"column":73},"skip":true},"34":{"start":{"line":132,"column":12},"end":{"line":132,"column":74},"skip":true},"35":{"start":{"line":133,"column":12},"end":{"line":133,"column":79},"skip":true},"36":{"start":{"line":134,"column":12},"end":{"line":134,"column":25},"skip":true},"37":{"start":{"line":135,"column":12},"end":{"line":135,"column":45},"skip":true},"38":{"start":{"line":138,"column":8},"end":{"line":145,"column":14},"skip":true},"39":{"start":{"line":143,"column":16},"end":{"line":143,"column":29},"skip":true},"40":{"start":{"line":144,"column":16},"end":{"line":144,"column":55},"skip":true},"41":{"start":{"line":147,"column":8},"end":{"line":156,"column":10},"skip":true},"42":{"start":{"line":154,"column":12},"end":{"line":154,"column":25},"skip":true},"43":{"start":{"line":155,"column":12},"end":{"line":155,"column":45},"skip":true},"44":{"start":{"line":158,"column":8},"end":{"line":167,"column":10},"skip":true},"45":{"start":{"line":165,"column":12},"end":{"line":165,"column":25},"skip":true},"46":{"start":{"line":166,"column":12},"end":{"line":166,"column":48},"skip":true},"47":{"start":{"line":169,"column":8},"end":{"line":178,"column":10},"skip":true},"48":{"start":{"line":176,"column":12},"end":{"line":176,"column":25},"skip":true},"49":{"start":{"line":177,"column":12},"end":{"line":177,"column":46},"skip":true},"50":{"start":{"line":180,"column":8},"end":{"line":189,"column":10},"skip":true},"51":{"start":{"line":187,"column":12},"end":{"line":187,"column":94},"skip":true},"52":{"start":{"line":188,"column":12},"end":{"line":188,"column":48},"skip":true},"53":{"start":{"line":192,"column":8},"end":{"line":192,"column":35},"skip":true},"54":{"start":{"line":193,"column":8},"end":{"line":193,"column":14},"skip":true}},"branchMap":{"1":{"line":25,"type":"binary-expr","locations":[{"start":{"line":25,"column":23},"end":{"line":25,"column":62}},{"start":{"line":26,"column":20},"end":{"line":26,"column":70}},{"start":{"line":27,"column":20},"end":{"line":27,"column":71}},{"start":{"line":28,"column":20},"end":{"line":28,"column":29}}]},"2":{"line":30,"type":"binary-expr","locations":[{"start":{"line":30,"column":23},"end":{"line":30,"column":37}},{"start":{"line":31,"column":20},"end":{"line":31,"column":61}},{"start":{"line":32,"column":20},"end":{"line":32,"column":70}},{"start":{"line":33,"column":20},"end":{"line":33,"column":26}}]},"3":{"line":37,"type":"cond-expr","locations":[{"start":{"line":38,"column":14},"end":{"line":38,"column":20}},{"start":{"line":39,"column":14},"end":{"line":39,"column":20}}]},"4":{"line":40,"type":"switch","locations":[{"start":{"line":42,"column":8},"end":{"line":47,"column":18}},{"start":{"line":49,"column":8},"end":{"line":52,"column":18}}]},"5":{"line":44,"type":"binary-expr","locations":[{"start":{"line":44,"column":16},"end":{"line":44,"column":44}},{"start":{"line":44,"column":48},"end":{"line":44,"column":66}}]},"6":{"line":50,"type":"binary-expr","locations":[{"start":{"line":50,"column":21},"end":{"line":50,"column":49}},{"start":{"line":50,"column":53},"end":{"line":50,"column":72}}]},"7":{"line":64,"type":"switch","locations":[{"start":{"line":69,"column":4},"end":{"line":70,"column":14}},{"start":{"line":75,"column":4},"end":{"line":76,"column":14}}]},"8":{"line":85,"type":"switch","locations":[{"start":{"line":90,"column":4},"end":{"line":105,"column":14}},{"start":{"line":111,"column":4},"end":{"line":193,"column":14},"skip":true}]},"9":{"line":91,"type":"binary-expr","locations":[{"start":{"line":91,"column":42},"end":{"line":91,"column":73}},{"start":{"line":91,"column":77},"end":{"line":99,"column":9}}]},"10":{"line":102,"type":"binary-expr","locations":[{"start":{"line":102,"column":18},"end":{"line":102,"column":32}},{"start":{"line":103,"column":12},"end":{"line":103,"column":53}},{"start":{"line":104,"column":12},"end":{"line":104,"column":61}}]},"11":{"line":112,"type":"binary-expr","locations":[{"start":{"line":112,"column":45},"end":{"line":112,"column":79},"skip":true},{"start":{"line":112,"column":83},"end":{"line":121,"column":9},"skip":true}]},"12":{"line":123,"type":"binary-expr","locations":[{"start":{"line":123,"column":42},"end":{"line":123,"column":73},"skip":true},{"start":{"line":123,"column":77},"end":{"line":136,"column":9},"skip":true}]},"13":{"line":138,"type":"binary-expr","locations":[{"start":{"line":138,"column":48},"end":{"line":138,"column":85},"skip":true},{"start":{"line":139,"column":12},"end":{"line":145,"column":13},"skip":true}]},"14":{"line":147,"type":"binary-expr","locations":[{"start":{"line":147,"column":42},"end":{"line":147,"column":73},"skip":true},{"start":{"line":147,"column":77},"end":{"line":156,"column":9},"skip":true}]},"15":{"line":158,"type":"binary-expr","locations":[{"start":{"line":158,"column":45},"end":{"line":158,"column":79},"skip":true},{"start":{"line":158,"column":83},"end":{"line":167,"column":9},"skip":true}]},"16":{"line":169,"type":"binary-expr","locations":[{"start":{"line":169,"column":43},"end":{"line":169,"column":75},"skip":true},{"start":{"line":169,"column":79},"end":{"line":178,"column":9},"skip":true}]},"17":{"line":180,"type":"binary-expr","locations":[{"start":{"line":180,"column":41},"end":{"line":180,"column":71},"skip":true},{"start":{"line":180,"column":75},"end":{"line":189,"column":9},"skip":true}]}},"code":["/* istanbul instrument in package npmtest_electron_workers */","/*jslint","    bitwise: true,","    browser: true,","    maxerr: 8,","    maxlen: 96,","    node: true,","    nomen: true,","    regexp: true,","    stupid: true","*/","(function () {","    'use strict';","    var local;","","","","    // run shared js-env code - pre-init","    (function () {","        // init local","        local = {};","        // init modeJs","        local.modeJs = (function () {","            try {","                return typeof navigator.userAgent === 'string' &&","                    typeof document.querySelector('body') === 'object' &&","                    typeof XMLHttpRequest.prototype.open === 'function' &&","                    'browser';","            } catch (errorCaughtBrowser) {","                return module.exports &&","                    typeof process.versions.node === 'string' &&","                    typeof require('http').createServer === 'function' &&","                    'node';","            }","        }());","        // init global","        local.global = local.modeJs === 'browser'","            ? window","            : global;","        switch (local.modeJs) {","        // re-init local from window.local","        case 'browser':","            local = local.global.utility2.objectSetDefault(","                local.global.utility2_rollup || local.global.local,","                local.global.utility2","            );","            break;","        // re-init local from example.js","        case 'node':","            local = (local.global.utility2_rollup || require('utility2'))","                .requireExampleJsFromReadme();","            break;","        }","        // export local","        local.global.local = local;","    }());","","","","    // run shared js-env code - function","    (function () {","        return;","    }());","    switch (local.modeJs) {","","","","    // run browser js-env code - function","    case 'browser':","        break;","","","","    // run node js-env code - function","    case 'node':","        break;","    }","","","","    // run shared js-env code - post-init","    (function () {","        return;","    }());","    switch (local.modeJs) {","","","","    // run browser js-env code - post-init","    case 'browser':","        local.testCase_browser_nullCase = local.testCase_browser_nullCase || function (","            options,","            onError","        ) {","        /*","         * this function will test browsers's null-case handling-behavior-behavior","         */","            onError(null, options);","        };","","        // run tests","        local.nop(local.modeTest &&","            document.querySelector('#testRunButton1') &&","            document.querySelector('#testRunButton1').click());","        break;","","","","    // run node js-env code - post-init","    /* istanbul ignore next */","    case 'node':","        local.testCase_buildApidoc_default = local.testCase_buildApidoc_default || function (","            options,","            onError","        ) {","        /*","         * this function will test buildApidoc's default handling-behavior-behavior","         */","            options = { modulePathList: module.paths };","            local.buildApidoc(options, onError);","        };","","        local.testCase_buildApp_default = local.testCase_buildApp_default || function (","            options,","            onError","        ) {","        /*","         * this function will test buildApp's default handling-behavior-behavior","         */","            local.testCase_buildReadme_default(options, local.onErrorThrow);","            local.testCase_buildLib_default(options, local.onErrorThrow);","            local.testCase_buildTest_default(options, local.onErrorThrow);","            local.testCase_buildCustomOrg_default(options, local.onErrorThrow);","            options = [];","            local.buildApp(options, onError);","        };","","        local.testCase_buildCustomOrg_default = local.testCase_buildCustomOrg_default ||","            function (options, onError) {","            /*","             * this function will test buildCustomOrg's default handling-behavior","             */","                options = {};","                local.buildCustomOrg(options, onError);","            };","","        local.testCase_buildLib_default = local.testCase_buildLib_default || function (","            options,","            onError","        ) {","        /*","         * this function will test buildLib's default handling-behavior","         */","            options = {};","            local.buildLib(options, onError);","        };","","        local.testCase_buildReadme_default = local.testCase_buildReadme_default || function (","            options,","            onError","        ) {","        /*","         * this function will test buildReadme's default handling-behavior-behavior","         */","            options = {};","            local.buildReadme(options, onError);","        };","","        local.testCase_buildTest_default = local.testCase_buildTest_default || function (","            options,","            onError","        ) {","        /*","         * this function will test buildTest's default handling-behavior","         */","            options = {};","            local.buildTest(options, onError);","        };","","        local.testCase_webpage_default = local.testCase_webpage_default || function (","            options,","            onError","        ) {","        /*","         * this function will test webpage's default handling-behavior","         */","            options = { modeCoverageMerge: true, url: local.serverLocalHost + '?modeTest=1' };","            local.browserTest(options, onError);","        };","","        // run test-server","        local.testRunServer(local);","        break;","    }","}());",""],"l":{"12":2,"14":2,"19":2,"21":2,"23":2,"24":2,"25":2,"30":1,"37":2,"40":2,"43":1,"47":1,"50":1,"52":1,"55":2,"61":2,"62":2,"64":2,"70":1,"76":1,"82":2,"83":2,"85":2,"91":1,"98":1,"102":1,"105":1,"112":1,"119":1,"120":1,"123":1,"130":1,"131":1,"132":1,"133":1,"134":1,"135":1,"138":1,"143":2,"144":2,"147":1,"154":2,"155":2,"158":1,"165":2,"166":2,"169":1,"176":2,"177":2,"180":1,"187":1,"188":1,"192":1,"193":1}},"/home/travis/build/npmtest/node-npmtest-electron-workers/lib.npmtest_electron_workers.js":{"path":"/home/travis/build/npmtest/node-npmtest-electron-workers/lib.npmtest_electron_workers.js","s":{"1":2,"2":2,"3":2,"4":2,"5":2,"6":2,"7":2,"8":1,"9":2,"10":2,"11":2,"12":2,"13":1,"14":1,"15":1,"16":1},"b":{"1":[2,1,1,1],"2":[1,1,1,1],"3":[1,1],"4":[2,2],"5":[1,1]},"f":{"1":2,"2":2,"3":2},"fnMap":{"1":{"name":"(anonymous_1)","line":12,"loc":{"start":{"line":12,"column":1},"end":{"line":12,"column":13}}},"2":{"name":"(anonymous_2)","line":19,"loc":{"start":{"line":19,"column":5},"end":{"line":19,"column":17}}},"3":{"name":"(anonymous_3)","line":23,"loc":{"start":{"line":23,"column":24},"end":{"line":23,"column":36}}}},"statementMap":{"1":{"start":{"line":12,"column":0},"end":{"line":53,"column":5}},"2":{"start":{"line":14,"column":4},"end":{"line":14,"column":14}},"3":{"start":{"line":19,"column":4},"end":{"line":52,"column":9}},"4":{"start":{"line":21,"column":8},"end":{"line":21,"column":19}},"5":{"start":{"line":23,"column":8},"end":{"line":35,"column":13}},"6":{"start":{"line":24,"column":12},"end":{"line":34,"column":13}},"7":{"start":{"line":25,"column":16},"end":{"line":28,"column":30}},"8":{"start":{"line":30,"column":16},"end":{"line":33,"column":27}},"9":{"start":{"line":37,"column":8},"end":{"line":39,"column":21}},"10":{"start":{"line":41,"column":8},"end":{"line":41,"column":54}},"11":{"start":{"line":43,"column":8},"end":{"line":43,"column":61}},"12":{"start":{"line":45,"column":8},"end":{"line":51,"column":9}},"13":{"start":{"line":46,"column":12},"end":{"line":46,"column":67}},"14":{"start":{"line":48,"column":12},"end":{"line":48,"column":35}},"15":{"start":{"line":49,"column":12},"end":{"line":49,"column":49}},"16":{"start":{"line":50,"column":12},"end":{"line":50,"column":43}}},"branchMap":{"1":{"line":25,"type":"binary-expr","locations":[{"start":{"line":25,"column":23},"end":{"line":25,"column":62}},{"start":{"line":26,"column":20},"end":{"line":26,"column":70}},{"start":{"line":27,"column":20},"end":{"line":27,"column":71}},{"start":{"line":28,"column":20},"end":{"line":28,"column":29}}]},"2":{"line":30,"type":"binary-expr","locations":[{"start":{"line":30,"column":23},"end":{"line":30,"column":37}},{"start":{"line":31,"column":20},"end":{"line":31,"column":61}},{"start":{"line":32,"column":20},"end":{"line":32,"column":70}},{"start":{"line":33,"column":20},"end":{"line":33,"column":26}}]},"3":{"line":37,"type":"cond-expr","locations":[{"start":{"line":38,"column":14},"end":{"line":38,"column":20}},{"start":{"line":39,"column":14},"end":{"line":39,"column":20}}]},"4":{"line":41,"type":"binary-expr","locations":[{"start":{"line":41,"column":16},"end":{"line":41,"column":44}},{"start":{"line":41,"column":48},"end":{"line":41,"column":53}}]},"5":{"line":45,"type":"if","locations":[{"start":{"line":45,"column":8},"end":{"line":45,"column":8}},{"start":{"line":45,"column":8},"end":{"line":45,"column":8}}]}},"code":["/* istanbul instrument in package npmtest_electron_workers */","/*jslint","    bitwise: true,","    browser: true,","    maxerr: 8,","    maxlen: 96,","    node: true,","    nomen: true,","    regexp: true,","    stupid: true","*/","(function () {","    'use strict';","    var local;","","","","    // run shared js-env code - pre-init","    (function () {","        // init local","        local = {};","        // init modeJs","        local.modeJs = (function () {","            try {","                return typeof navigator.userAgent === 'string' &&","                    typeof document.querySelector('body') === 'object' &&","                    typeof XMLHttpRequest.prototype.open === 'function' &&","                    'browser';","            } catch (errorCaughtBrowser) {","                return module.exports &&","                    typeof process.versions.node === 'string' &&","                    typeof require('http').createServer === 'function' &&","                    'node';","            }","        }());","        // init global","        local.global = local.modeJs === 'browser'","            ? window","            : global;","        // init utility2_rollup","        local = local.global.utility2_rollup || local;","        // init lib","        local.local = local.npmtest_electron_workers = local;","        // init exports","        if (local.modeJs === 'browser') {","            local.global.utility2_npmtest_electron_workers = local;","        } else {","            module.exports = local;","            module.exports.__dirname = __dirname;","            module.exports.module = module;","        }","    }());","}());",""],"l":{"12":2,"14":2,"19":2,"21":2,"23":2,"24":2,"25":2,"30":1,"37":2,"41":2,"43":2,"45":2,"46":1,"48":1,"49":1,"50":1}},"/home/travis/build/npmtest/node-npmtest-electron-workers/example.js":{"path":"/home/travis/build/npmtest/node-npmtest-electron-workers/example.js","s":{"1":2,"2":2,"3":2,"4":2,"5":2,"6":2,"7":2,"8":1,"9":2,"10":2,"11":2,"12":2,"13":1,"14":2,"15":2,"16":2,"17":2,"18":2,"19":0,"20":2,"21":1,"22":1,"23":1,"24":1,"25":1,"26":0,"27":0,"28":1,"29":1,"30":2,"31":0,"32":0,"33":0,"34":1,"35":2,"36":2,"37":3,"38":3,"39":3,"40":3,"41":0,"42":3,"43":3,"44":3,"45":1,"46":3,"47":1,"48":1,"49":1,"50":1,"51":1,"52":1,"53":1,"54":1,"55":1,"56":1,"57":0,"58":1,"59":6,"60":6,"61":1,"62":2,"63":0,"64":2,"65":1,"66":1,"67":0,"68":0,"69":0,"70":0,"71":0,"72":0,"73":0,"74":0,"75":0,"76":0,"77":0,"78":0,"79":0,"80":0,"81":0,"82":0,"83":0},"b":{"1":[2,1,1,1],"2":[1,1,1,1],"3":[1,1],"4":[2,2],"5":[1,1],"6":[1,1],"7":[2,0],"8":[2,1,1,1,1,1],"9":[0,2,0],"10":[1,1],"11":[2,1,1],"12":[1,0],"13":[0,2],"14":[2,0,0,0,0,0,0],"15":[0,3],"16":[3,0],"17":[1,1],"18":[0,1],"19":[1,2,0,2],"20":[1,0],"21":[1,1],"22":[0,0],"23":[0,0],"24":[0,0],"25":[0,0],"26":[0,0],"27":[0,0],"28":[0,0]},"f":{"1":2,"2":2,"3":2,"4":2,"5":2,"6":2,"7":3,"8":3,"9":3,"10":1,"11":6,"12":0},"fnMap":{"1":{"name":"(anonymous_1)","line":26,"loc":{"start":{"line":26,"column":1},"end":{"line":26,"column":13}}},"2":{"name":"(anonymous_2)","line":33,"loc":{"start":{"line":33,"column":5},"end":{"line":33,"column":17}}},"3":{"name":"(anonymous_3)","line":37,"loc":{"start":{"line":37,"column":24},"end":{"line":37,"column":36}}},"4":{"name":"(anonymous_4)","line":69,"loc":{"start":{"line":69,"column":31},"end":{"line":69,"column":48}},"skip":true},"5":{"name":"(anonymous_5)","line":78,"loc":{"start":{"line":78,"column":26},"end":{"line":78,"column":45}},"skip":true},"6":{"name":"(anonymous_6)","line":123,"loc":{"start":{"line":123,"column":33},"end":{"line":123,"column":48}},"skip":true},"7":{"name":"(anonymous_7)","line":125,"loc":{"start":{"line":125,"column":27},"end":{"line":125,"column":39}},"skip":true},"8":{"name":"(anonymous_8)","line":133,"loc":{"start":{"line":133,"column":59},"end":{"line":133,"column":74}},"skip":true},"9":{"name":"(anonymous_9)","line":143,"loc":{"start":{"line":143,"column":45},"end":{"line":143,"column":62}},"skip":true},"10":{"name":"(anonymous_10)","line":144,"loc":{"start":{"line":144,"column":73},"end":{"line":144,"column":92}},"skip":true},"11":{"name":"(anonymous_11)","line":272,"loc":{"start":{"line":272,"column":51},"end":{"line":272,"column":77}},"skip":true},"12":{"name":"(anonymous_12)","line":315,"loc":{"start":{"line":315,"column":32},"end":{"line":315,"column":61}},"skip":true}},"statementMap":{"1":{"start":{"line":26,"column":0},"end":{"line":326,"column":5}},"2":{"start":{"line":28,"column":4},"end":{"line":28,"column":14}},"3":{"start":{"line":33,"column":4},"end":{"line":60,"column":9}},"4":{"start":{"line":35,"column":8},"end":{"line":35,"column":19}},"5":{"start":{"line":37,"column":8},"end":{"line":49,"column":13}},"6":{"start":{"line":38,"column":12},"end":{"line":48,"column":13}},"7":{"start":{"line":39,"column":16},"end":{"line":42,"column":30}},"8":{"start":{"line":44,"column":16},"end":{"line":47,"column":27}},"9":{"start":{"line":51,"column":8},"end":{"line":53,"column":21}},"10":{"start":{"line":55,"column":8},"end":{"line":57,"column":45}},"11":{"start":{"line":59,"column":8},"end":{"line":59,"column":35}},"12":{"start":{"line":61,"column":4},"end":{"line":325,"column":5}},"13":{"start":{"line":69,"column":8},"end":{"line":121,"column":10},"skip":true},"14":{"start":{"line":70,"column":12},"end":{"line":88,"column":13},"skip":true},"15":{"start":{"line":76,"column":16},"end":{"line":87,"column":19},"skip":true},"16":{"start":{"line":79,"column":20},"end":{"line":86,"column":21},"skip":true},"17":{"start":{"line":82,"column":24},"end":{"line":82,"column":43},"skip":true},"18":{"start":{"line":83,"column":24},"end":{"line":83,"column":30},"skip":true},"19":{"start":{"line":85,"column":24},"end":{"line":85,"column":49},"skip":true},"20":{"start":{"line":89,"column":12},"end":{"line":107,"column":13},"skip":true},"21":{"start":{"line":92,"column":16},"end":{"line":102,"column":17},"skip":true},"22":{"start":{"line":93,"column":20},"end":{"line":93,"column":86},"skip":true},"23":{"start":{"line":94,"column":20},"end":{"line":95,"column":45},"skip":true},"24":{"start":{"line":96,"column":20},"end":{"line":96,"column":42},"skip":true},"25":{"start":{"line":97,"column":20},"end":{"line":97,"column":48},"skip":true},"26":{"start":{"line":100,"column":20},"end":{"line":100,"column":85},"skip":true},"27":{"start":{"line":101,"column":20},"end":{"line":101,"column":96},"skip":true},"28":{"start":{"line":103,"column":16},"end":{"line":103,"column":22},"skip":true},"29":{"start":{"line":106,"column":16},"end":{"line":106,"column":22},"skip":true},"30":{"start":{"line":108,"column":12},"end":{"line":120,"column":13},"skip":true},"31":{"start":{"line":114,"column":16},"end":{"line":119,"column":17},"skip":true},"32":{"start":{"line":116,"column":20},"end":{"line":116,"column":78},"skip":true},"33":{"start":{"line":118,"column":20},"end":{"line":118,"column":47},"skip":true},"34":{"start":{"line":123,"column":8},"end":{"line":141,"column":11},"skip":true},"35":{"start":{"line":124,"column":12},"end":{"line":124,"column":54},"skip":true},"36":{"start":{"line":125,"column":12},"end":{"line":140,"column":14},"skip":true},"37":{"start":{"line":126,"column":16},"end":{"line":126,"column":28},"skip":true},"38":{"start":{"line":127,"column":16},"end":{"line":127,"column":69},"skip":true},"39":{"start":{"line":128,"column":16},"end":{"line":128,"column":75},"skip":true},"40":{"start":{"line":129,"column":16},"end":{"line":131,"column":17},"skip":true},"41":{"start":{"line":130,"column":20},"end":{"line":130,"column":27},"skip":true},"42":{"start":{"line":133,"column":16},"end":{"line":137,"column":36},"skip":true},"43":{"start":{"line":134,"column":20},"end":{"line":136,"column":55},"skip":true},"44":{"start":{"line":139,"column":16},"end":{"line":139,"column":57},"skip":true},"45":{"start":{"line":143,"column":8},"end":{"line":147,"column":11},"skip":true},"46":{"start":{"line":144,"column":12},"end":{"line":146,"column":15},"skip":true},"47":{"start":{"line":145,"column":16},"end":{"line":145,"column":70},"skip":true},"48":{"start":{"line":149,"column":8},"end":{"line":149,"column":31},"skip":true},"49":{"start":{"line":150,"column":8},"end":{"line":150,"column":14},"skip":true},"50":{"start":{"line":158,"column":8},"end":{"line":158,"column":31},"skip":true},"51":{"start":{"line":160,"column":8},"end":{"line":160,"column":33},"skip":true},"52":{"start":{"line":161,"column":8},"end":{"line":161,"column":37},"skip":true},"53":{"start":{"line":162,"column":8},"end":{"line":162,"column":35},"skip":true},"54":{"start":{"line":164,"column":8},"end":{"line":164,"column":50},"skip":true},"55":{"start":{"line":166,"column":8},"end":{"line":256,"column":2},"skip":true},"56":{"start":{"line":258,"column":8},"end":{"line":286,"column":9},"skip":true},"57":{"start":{"line":259,"column":12},"end":{"line":269,"column":14},"skip":true},"58":{"start":{"line":271,"column":12},"end":{"line":285,"column":19},"skip":true},"59":{"start":{"line":274,"column":20},"end":{"line":274,"column":35},"skip":true},"60":{"start":{"line":275,"column":20},"end":{"line":284,"column":21},"skip":true},"61":{"start":{"line":277,"column":24},"end":{"line":277,"column":64},"skip":true},"62":{"start":{"line":279,"column":24},"end":{"line":279,"column":40},"skip":true},"63":{"start":{"line":281,"column":24},"end":{"line":281,"column":40},"skip":true},"64":{"start":{"line":283,"column":24},"end":{"line":283,"column":39},"skip":true},"65":{"start":{"line":288,"column":8},"end":{"line":290,"column":9},"skip":true},"66":{"start":{"line":289,"column":12},"end":{"line":289,"column":18},"skip":true},"67":{"start":{"line":291,"column":8},"end":{"line":293,"column":54},"skip":true},"68":{"start":{"line":296,"column":8},"end":{"line":301,"column":37},"skip":true},"69":{"start":{"line":303,"column":8},"end":{"line":303,"column":82},"skip":true},"70":{"start":{"line":306,"column":8},"end":{"line":308,"column":9},"skip":true},"71":{"start":{"line":307,"column":12},"end":{"line":307,"column":82},"skip":true},"72":{"start":{"line":310,"column":8},"end":{"line":312,"column":9},"skip":true},"73":{"start":{"line":311,"column":12},"end":{"line":311,"column":18},"skip":true},"74":{"start":{"line":313,"column":8},"end":{"line":313,"column":54},"skip":true},"75":{"start":{"line":314,"column":8},"end":{"line":314,"column":69},"skip":true},"76":{"start":{"line":315,"column":8},"end":{"line":323,"column":36},"skip":true},"77":{"start":{"line":316,"column":12},"end":{"line":316,"column":61},"skip":true},"78":{"start":{"line":317,"column":12},"end":{"line":320,"column":13},"skip":true},"79":{"start":{"line":318,"column":16},"end":{"line":318,"column":75},"skip":true},"80":{"start":{"line":319,"column":16},"end":{"line":319,"column":23},"skip":true},"81":{"start":{"line":321,"column":12},"end":{"line":321,"column":38},"skip":true},"82":{"start":{"line":322,"column":12},"end":{"line":322,"column":27},"skip":true},"83":{"start":{"line":324,"column":8},"end":{"line":324,"column":14},"skip":true}},"branchMap":{"1":{"line":39,"type":"binary-expr","locations":[{"start":{"line":39,"column":23},"end":{"line":39,"column":62}},{"start":{"line":40,"column":20},"end":{"line":40,"column":70}},{"start":{"line":41,"column":20},"end":{"line":41,"column":71}},{"start":{"line":42,"column":20},"end":{"line":42,"column":29}}]},"2":{"line":44,"type":"binary-expr","locations":[{"start":{"line":44,"column":23},"end":{"line":44,"column":37}},{"start":{"line":45,"column":20},"end":{"line":45,"column":61}},{"start":{"line":46,"column":20},"end":{"line":46,"column":70}},{"start":{"line":47,"column":20},"end":{"line":47,"column":26}}]},"3":{"line":51,"type":"cond-expr","locations":[{"start":{"line":52,"column":14},"end":{"line":52,"column":20}},{"start":{"line":53,"column":14},"end":{"line":53,"column":20}}]},"4":{"line":55,"type":"binary-expr","locations":[{"start":{"line":55,"column":16},"end":{"line":55,"column":44}},{"start":{"line":55,"column":49},"end":{"line":57,"column":43}}]},"5":{"line":55,"type":"cond-expr","locations":[{"start":{"line":56,"column":14},"end":{"line":56,"column":60}},{"start":{"line":57,"column":14},"end":{"line":57,"column":43}}]},"6":{"line":61,"type":"switch","locations":[{"start":{"line":68,"column":4},"end":{"line":150,"column":14},"skip":true},{"start":{"line":156,"column":4},"end":{"line":324,"column":14},"skip":true}]},"7":{"line":70,"type":"if","locations":[{"start":{"line":70,"column":12},"end":{"line":70,"column":12},"skip":true},{"start":{"line":70,"column":12},"end":{"line":70,"column":12},"skip":true}]},"8":{"line":70,"type":"binary-expr","locations":[{"start":{"line":70,"column":16},"end":{"line":70,"column":22},"skip":true},{"start":{"line":70,"column":27},"end":{"line":70,"column":32},"skip":true},{"start":{"line":71,"column":20},"end":{"line":71,"column":39},"skip":true},{"start":{"line":72,"column":20},"end":{"line":72,"column":49},"skip":true},{"start":{"line":73,"column":20},"end":{"line":73,"column":58},"skip":true},{"start":{"line":74,"column":20},"end":{"line":74,"column":69},"skip":true}]},"9":{"line":79,"type":"switch","locations":[{"start":{"line":80,"column":20},"end":{"line":80,"column":33},"skip":true},{"start":{"line":81,"column":20},"end":{"line":83,"column":30},"skip":true},{"start":{"line":84,"column":20},"end":{"line":85,"column":49},"skip":true}]},"10":{"line":89,"type":"switch","locations":[{"start":{"line":90,"column":12},"end":{"line":103,"column":22},"skip":true},{"start":{"line":105,"column":12},"end":{"line":106,"column":22},"skip":true}]},"11":{"line":89,"type":"binary-expr","locations":[{"start":{"line":89,"column":20},"end":{"line":89,"column":25},"skip":true},{"start":{"line":89,"column":29},"end":{"line":89,"column":48},"skip":true},{"start":{"line":89,"column":52},"end":{"line":89,"column":74},"skip":true}]},"12":{"line":92,"type":"if","locations":[{"start":{"line":92,"column":16},"end":{"line":92,"column":16},"skip":true},{"start":{"line":92,"column":16},"end":{"line":92,"column":16},"skip":true}]},"13":{"line":108,"type":"if","locations":[{"start":{"line":108,"column":12},"end":{"line":108,"column":12},"skip":true},{"start":{"line":108,"column":12},"end":{"line":108,"column":12},"skip":true}]},"14":{"line":108,"type":"binary-expr","locations":[{"start":{"line":108,"column":16},"end":{"line":108,"column":61},"skip":true},{"start":{"line":108,"column":66},"end":{"line":108,"column":72},"skip":true},{"start":{"line":108,"column":77},"end":{"line":108,"column":82},"skip":true},{"start":{"line":109,"column":20},"end":{"line":109,"column":39},"skip":true},{"start":{"line":110,"column":20},"end":{"line":110,"column":49},"skip":true},{"start":{"line":111,"column":20},"end":{"line":111,"column":58},"skip":true},{"start":{"line":112,"column":20},"end":{"line":112,"column":68},"skip":true}]},"15":{"line":129,"type":"if","locations":[{"start":{"line":129,"column":16},"end":{"line":129,"column":16},"skip":true},{"start":{"line":129,"column":16},"end":{"line":129,"column":16},"skip":true}]},"16":{"line":134,"type":"cond-expr","locations":[{"start":{"line":135,"column":26},"end":{"line":135,"column":29},"skip":true},{"start":{"line":136,"column":26},"end":{"line":136,"column":54},"skip":true}]},"17":{"line":164,"type":"binary-expr","locations":[{"start":{"line":164,"column":27},"end":{"line":164,"column":43},"skip":true},{"start":{"line":164,"column":47},"end":{"line":164,"column":49},"skip":true}]},"18":{"line":258,"type":"if","locations":[{"start":{"line":258,"column":8},"end":{"line":258,"column":8},"skip":true},{"start":{"line":258,"column":8},"end":{"line":258,"column":8},"skip":true}]},"19":{"line":275,"type":"switch","locations":[{"start":{"line":276,"column":20},"end":{"line":277,"column":64},"skip":true},{"start":{"line":278,"column":20},"end":{"line":279,"column":40},"skip":true},{"start":{"line":280,"column":20},"end":{"line":281,"column":40},"skip":true},{"start":{"line":282,"column":20},"end":{"line":283,"column":39},"skip":true}]},"20":{"line":288,"type":"if","locations":[{"start":{"line":288,"column":8},"end":{"line":288,"column":8},"skip":true},{"start":{"line":288,"column":8},"end":{"line":288,"column":8},"skip":true}]},"21":{"line":288,"type":"binary-expr","locations":[{"start":{"line":288,"column":12},"end":{"line":288,"column":40},"skip":true},{"start":{"line":288,"column":44},"end":{"line":288,"column":67},"skip":true}]},"22":{"line":292,"type":"binary-expr","locations":[{"start":{"line":292,"column":12},"end":{"line":292,"column":50},"skip":true},{"start":{"line":293,"column":12},"end":{"line":293,"column":53},"skip":true}]},"23":{"line":297,"type":"binary-expr","locations":[{"start":{"line":297,"column":12},"end":{"line":297,"column":74},"skip":true},{"start":{"line":298,"column":12},"end":{"line":301,"column":36},"skip":true}]},"24":{"line":303,"type":"binary-expr","locations":[{"start":{"line":303,"column":43},"end":{"line":303,"column":75},"skip":true},{"start":{"line":303,"column":79},"end":{"line":303,"column":81},"skip":true}]},"25":{"line":306,"type":"if","locations":[{"start":{"line":306,"column":8},"end":{"line":306,"column":8},"skip":true},{"start":{"line":306,"column":8},"end":{"line":306,"column":8},"skip":true}]},"26":{"line":310,"type":"if","locations":[{"start":{"line":310,"column":8},"end":{"line":310,"column":8},"skip":true},{"start":{"line":310,"column":8},"end":{"line":310,"column":8},"skip":true}]},"27":{"line":313,"type":"binary-expr","locations":[{"start":{"line":313,"column":27},"end":{"line":313,"column":43},"skip":true},{"start":{"line":313,"column":47},"end":{"line":313,"column":53},"skip":true}]},"28":{"line":317,"type":"if","locations":[{"start":{"line":317,"column":12},"end":{"line":317,"column":12},"skip":true},{"start":{"line":317,"column":12},"end":{"line":317,"column":12},"skip":true}]}},"code":["/*","example.js","","quickstart example","","instruction","    1. save this script as example.js","    2. run the shell command:","        $ npm install npmtest-electron-workers && PORT=8081 node example.js","    3. play with the browser-demo on http://127.0.0.1:8081","*/","","","","/* istanbul instrument in package npmtest_electron_workers */","/*jslint","    bitwise: true,","    browser: true,","    maxerr: 8,","    maxlen: 96,","    node: true,","    nomen: true,","    regexp: true,","    stupid: true","*/","(function () {","    'use strict';","    var local;","","","","    // run shared js-env code - pre-init","    (function () {","        // init local","        local = {};","        // init modeJs","        local.modeJs = (function () {","            try {","                return typeof navigator.userAgent === 'string' &&","                    typeof document.querySelector('body') === 'object' &&","                    typeof XMLHttpRequest.prototype.open === 'function' &&","                    'browser';","            } catch (errorCaughtBrowser) {","                return module.exports &&","                    typeof process.versions.node === 'string' &&","                    typeof require('http').createServer === 'function' &&","                    'node';","            }","        }());","        // init global","        local.global = local.modeJs === 'browser'","            ? window","            : global;","        // init utility2_rollup","        local = local.global.utility2_rollup || (local.modeJs === 'browser'","            ? local.global.utility2_npmtest_electron_workers","            : global.utility2_moduleExports);","        // export local","        local.global.local = local;","    }());","    switch (local.modeJs) {","","","","    // post-init","    // run browser js-env code - post-init","    /* istanbul ignore next */","    case 'browser':","        local.testRunBrowser = function (event) {","            if (!event || (event &&","                    event.currentTarget &&","                    event.currentTarget.className &&","                    event.currentTarget.className.includes &&","                    event.currentTarget.className.includes('onreset'))) {","                // reset output","                Array.from(","                    document.querySelectorAll('body > .resettable')","                ).forEach(function (element) {","                    switch (element.tagName) {","                    case 'INPUT':","                    case 'TEXTAREA':","                        element.value = '';","                        break;","                    default:","                        element.textContent = '';","                    }","                });","            }","            switch (event && event.currentTarget && event.currentTarget.id) {","            case 'testRunButton1':","                // show tests","                if (document.querySelector('#testReportDiv1').style.display === 'none') {","                    document.querySelector('#testReportDiv1').style.display = 'block';","                    document.querySelector('#testRunButton1').textContent =","                        'hide internal test';","                    local.modeTest = true;","                    local.testRunDefault(local);","                // hide tests","                } else {","                    document.querySelector('#testReportDiv1').style.display = 'none';","                    document.querySelector('#testRunButton1').textContent = 'run internal test';","                }","                break;","            // custom-case","            default:","                break;","            }","            if (document.querySelector('#inputTextareaEval1') && (!event || (event &&","                    event.currentTarget &&","                    event.currentTarget.className &&","                    event.currentTarget.className.includes &&","                    event.currentTarget.className.includes('oneval')))) {","                // try to eval input-code","                try {","                    /*jslint evil: true*/","                    eval(document.querySelector('#inputTextareaEval1').value);","                } catch (errorCaught) {","                    console.error(errorCaught);","                }","            }","        };","        // log stderr and stdout to #outputTextareaStdout1","        ['error', 'log'].forEach(function (key) {","            console[key + '_original'] = console[key];","            console[key] = function () {","                var element;","                console[key + '_original'].apply(console, arguments);","                element = document.querySelector('#outputTextareaStdout1');","                if (!element) {","                    return;","                }","                // append text to #outputTextareaStdout1","                element.value += Array.from(arguments).map(function (arg) {","                    return typeof arg === 'string'","                        ? arg","                        : JSON.stringify(arg, null, 4);","                }).join(' ') + '\\n';","                // scroll textarea to bottom","                element.scrollTop = element.scrollHeight;","            };","        });","        // init event-handling","        ['change', 'click', 'keyup'].forEach(function (event) {","            Array.from(document.querySelectorAll('.on' + event)).forEach(function (element) {","                element.addEventListener(event, local.testRunBrowser);","            });","        });","        // run tests","        local.testRunBrowser();","        break;","","","","    // run node js-env code - post-init","    /* istanbul ignore next */","    case 'node':","        // export local","        module.exports = local;","        // require modules","        local.fs = require('fs');","        local.http = require('http');","        local.url = require('url');","        // init assets","        local.assetsDict = local.assetsDict || {};","        /* jslint-ignore-begin */","        local.assetsDict['/assets.index.template.html'] = '\\","<!doctype html>\\n\\","<html lang=\"en\">\\n\\","<head>\\n\\","<meta charset=\"UTF-8\">\\n\\","<meta name=\"viewport\" content=\"width=device-width, initial-scale=1\">\\n\\","<title>{{env.npm_package_name}} (v{{env.npm_package_version}})</title>\\n\\","<style>\\n\\","/*csslint\\n\\","    box-sizing: false,\\n\\","    universal-selector: false\\n\\","*/\\n\\","* {\\n\\","    box-sizing: border-box;\\n\\","}\\n\\","body {\\n\\","    background: #dde;\\n\\","    font-family: Arial, Helvetica, sans-serif;\\n\\","    margin: 2rem;\\n\\","}\\n\\","body > * {\\n\\","    margin-bottom: 1rem;\\n\\","}\\n\\",".utility2FooterDiv {\\n\\","    margin-top: 20px;\\n\\","    text-align: center;\\n\\","}\\n\\","</style>\\n\\","<style>\\n\\","/*csslint\\n\\","*/\\n\\","textarea {\\n\\","    font-family: monospace;\\n\\","    height: 10rem;\\n\\","    width: 100%;\\n\\","}\\n\\","textarea[readonly] {\\n\\","    background: #ddd;\\n\\","}\\n\\","</style>\\n\\","</head>\\n\\","<body>\\n\\","<!-- utility2-comment\\n\\","<div id=\"ajaxProgressDiv1\" style=\"background: #d00; height: 2px; left: 0; margin: 0; padding: 0; position: fixed; top: 0; transition: background 0.5s, width 1.5s; width: 25%;\"></div>\\n\\","utility2-comment -->\\n\\","<h1>\\n\\","<!-- utility2-comment\\n\\","    <a\\n\\","        {{#if env.npm_package_homepage}}\\n\\","        href=\"{{env.npm_package_homepage}}\"\\n\\","        {{/if env.npm_package_homepage}}\\n\\","        target=\"_blank\"\\n\\","    >\\n\\","utility2-comment -->\\n\\","        {{env.npm_package_name}} (v{{env.npm_package_version}})\\n\\","<!-- utility2-comment\\n\\","    </a>\\n\\","utility2-comment -->\\n\\","</h1>\\n\\","<h3>{{env.npm_package_description}}</h3>\\n\\","<!-- utility2-comment\\n\\","<h4><a download href=\"assets.app.js\">download standalone app</a></h4>\\n\\","<button class=\"onclick onreset\" id=\"testRunButton1\">run internal test</button><br>\\n\\","<div id=\"testReportDiv1\" style=\"display: none;\"></div>\\n\\","utility2-comment -->\\n\\","\\n\\","\\n\\","\\n\\","<label>stderr and stdout</label>\\n\\","<textarea class=\"resettable\" id=\"outputTextareaStdout1\" readonly></textarea>\\n\\","<!-- utility2-comment\\n\\","{{#if isRollup}}\\n\\","<script src=\"assets.app.js\"></script>\\n\\","{{#unless isRollup}}\\n\\","utility2-comment -->\\n\\","<script src=\"assets.utility2.rollup.js\"></script>\\n\\","<script src=\"jsonp.utility2._stateInit?callback=window.utility2._stateInit\"></script>\\n\\","<script src=\"assets.npmtest_electron_workers.rollup.js\"></script>\\n\\","<script src=\"assets.example.js\"></script>\\n\\","<script src=\"assets.test.js\"></script>\\n\\","<!-- utility2-comment\\n\\","{{/if isRollup}}\\n\\","utility2-comment -->\\n\\","<div class=\"utility2FooterDiv\">\\n\\","    [ this app was created with\\n\\","    <a href=\"https://github.com/kaizhu256/node-utility2\" target=\"_blank\">utility2</a>\\n\\","    ]\\n\\","</div>\\n\\","</body>\\n\\","</html>\\n\\","';","        /* jslint-ignore-end */","        if (local.templateRender) {","            local.assetsDict['/'] = local.templateRender(","                local.assetsDict['/assets.index.template.html'],","                {","                    env: local.objectSetDefault(local.env, {","                        npm_package_description: 'the greatest app in the world!',","                        npm_package_name: 'my-app',","                        npm_package_nameAlias: 'my_app',","                        npm_package_version: '0.0.1'","                    })","                }","            );","        } else {","            local.assetsDict['/'] = local.assetsDict['/assets.index.template.html']","                .replace((/\\{\\{env\\.(\\w+?)\\}\\}/g), function (match0, match1) {","                    // jslint-hack","                    String(match0);","                    switch (match1) {","                    case 'npm_package_description':","                        return 'the greatest app in the world!';","                    case 'npm_package_name':","                        return 'my-app';","                    case 'npm_package_nameAlias':","                        return 'my_app';","                    case 'npm_package_version':","                        return '0.0.1';","                    }","                });","        }","        // run the cli","        if (local.global.utility2_rollup || module !== require.main) {","            break;","        }","        local.assetsDict['/assets.example.js'] =","            local.assetsDict['/assets.example.js'] ||","            local.fs.readFileSync(__filename, 'utf8');","        // bug-workaround - long $npm_package_buildCustomOrg","        /* jslint-ignore-begin */","        local.assetsDict['/assets.npmtest_electron_workers.rollup.js'] =","            local.assetsDict['/assets.npmtest_electron_workers.rollup.js'] ||","            local.fs.readFileSync(","                local.npmtest_electron_workers.__dirname + '/lib.npmtest_electron_workers.js',","                'utf8'","            ).replace((/^#!/), '//');","        /* jslint-ignore-end */","        local.assetsDict['/favicon.ico'] = local.assetsDict['/favicon.ico'] || '';","        // if $npm_config_timeout_exit exists,","        // then exit this process after $npm_config_timeout_exit ms","        if (Number(process.env.npm_config_timeout_exit)) {","            setTimeout(process.exit, Number(process.env.npm_config_timeout_exit));","        }","        // start server","        if (local.global.utility2_serverHttp1) {","            break;","        }","        process.env.PORT = process.env.PORT || '8081';","        console.error('server starting on port ' + process.env.PORT);","        local.http.createServer(function (request, response) {","            request.urlParsed = local.url.parse(request.url);","            if (local.assetsDict[request.urlParsed.pathname] !== undefined) {","                response.end(local.assetsDict[request.urlParsed.pathname]);","                return;","            }","            response.statusCode = 404;","            response.end();","        }).listen(process.env.PORT);","        break;","    }","}());",""],"l":{"26":2,"28":2,"33":2,"35":2,"37":2,"38":2,"39":2,"44":1,"51":2,"55":2,"59":2,"61":2,"69":1,"70":2,"76":2,"79":2,"82":2,"83":2,"85":1,"89":2,"92":1,"93":1,"94":1,"96":1,"97":1,"100":1,"101":1,"103":1,"106":1,"108":2,"114":1,"116":1,"118":1,"123":1,"124":2,"125":2,"126":3,"127":3,"128":3,"129":3,"130":1,"133":3,"134":3,"139":3,"143":1,"144":3,"145":1,"149":1,"150":1,"158":1,"160":1,"161":1,"162":1,"164":1,"166":1,"258":1,"259":1,"271":1,"274":6,"275":6,"277":1,"279":2,"281":1,"283":2,"288":1,"289":1,"291":1,"296":1,"303":1,"306":1,"307":1,"310":1,"311":1,"313":1,"314":1,"315":1,"316":1,"317":1,"318":1,"319":1,"321":1,"322":1,"324":1}},"/home/travis/build/npmtest/node-npmtest-electron-workers/node_modules/electron-workers/lib/index.js":{"path":"/home/travis/build/npmtest/node-npmtest-electron-workers/node_modules/electron-workers/lib/index.js","s":{"1":1,"2":1,"3":2,"4":1,"5":1,"6":1,"7":1,"8":1,"9":1,"10":1,"11":0,"12":0,"13":0,"14":1,"15":0,"16":1,"17":1},"b":{"1":[0,2],"2":[2,2]},"f":{"1":2,"2":0,"3":0},"fnMap":{"1":{"name":"_interopRequireDefault","line":5,"loc":{"start":{"line":5,"column":0},"end":{"line":5,"column":37}}},"2":{"name":"createManager","line":19,"loc":{"start":{"line":19,"column":0},"end":{"line":19,"column":32}}},"3":{"name":"electronManager","line":25,"loc":{"start":{"line":25,"column":0},"end":{"line":25,"column":34}}}},"statementMap":{"1":{"start":{"line":3,"column":0},"end":{"line":3,"column":26}},"2":{"start":{"line":5,"column":0},"end":{"line":5,"column":97}},"3":{"start":{"line":5,"column":39},"end":{"line":5,"column":95}},"4":{"start":{"line":7,"column":0},"end":{"line":7,"column":30}},"5":{"start":{"line":9,"column":0},"end":{"line":9,"column":45}},"6":{"start":{"line":11,"column":0},"end":{"line":11,"column":52}},"7":{"start":{"line":13,"column":0},"end":{"line":13,"column":65}},"8":{"start":{"line":15,"column":0},"end":{"line":15,"column":46}},"9":{"start":{"line":17,"column":0},"end":{"line":17,"column":52}},"10":{"start":{"line":19,"column":0},"end":{"line":23,"column":1}},"11":{"start":{"line":20,"column":2},"end":{"line":20,"column":58}},"12":{"start":{"line":21,"column":2},"end":{"line":21,"column":67}},"13":{"start":{"line":22,"column":2},"end":{"line":22,"column":17}},"14":{"start":{"line":25,"column":0},"end":{"line":27,"column":1}},"15":{"start":{"line":26,"column":2},"end":{"line":26,"column":32}},"16":{"start":{"line":29,"column":0},"end":{"line":29,"column":37}},"17":{"start":{"line":30,"column":0},"end":{"line":30,"column":36}}},"branchMap":{"1":{"line":5,"type":"cond-expr","locations":[{"start":{"line":5,"column":70},"end":{"line":5,"column":73}},{"start":{"line":5,"column":76},"end":{"line":5,"column":94}}]},"2":{"line":5,"type":"binary-expr","locations":[{"start":{"line":5,"column":46},"end":{"line":5,"column":49}},{"start":{"line":5,"column":53},"end":{"line":5,"column":67}}]}},"code":["'use strict';","","exports.__esModule = true;","","function _interopRequireDefault(obj) { return obj && obj.__esModule ? obj : { 'default': obj }; }","","var _debug = require('debug');","","var _debug2 = _interopRequireDefault(_debug);","","var _ElectronManager = require('./ElectronManager');","","var _ElectronManager2 = _interopRequireDefault(_ElectronManager);","","var _packageJson = require('../package.json');","","var debugMe = _debug2['default'](_packageJson.name);","","function createManager(options) {","  var manager = new _ElectronManager2['default'](options);","  debugMe('Creating a new manager with options:', manager.options);","  return manager;","}","","function electronManager(options) {","  return createManager(options);","}","","exports['default'] = electronManager;","module.exports = exports['default'];"],"l":{"3":1,"5":2,"7":1,"9":1,"11":1,"13":1,"15":1,"17":1,"19":1,"20":0,"21":0,"22":0,"25":1,"26":0,"29":1,"30":1}},"/home/travis/build/npmtest/node-npmtest-electron-workers/node_modules/electron-workers/lib/ElectronManager.js":{"path":"/home/travis/build/npmtest/node-npmtest-electron-workers/node_modules/electron-workers/lib/ElectronManager.js","s":{"1":1,"2":1,"3":0,"4":0,"5":0,"6":0,"7":0,"8":0,"9":1,"10":5,"11":1,"12":0,"13":0,"14":1,"15":1,"16":0,"17":1,"18":1,"19":1,"20":1,"21":1,"22":1,"23":1,"24":1,"25":1,"26":1,"27":1,"28":1,"29":1,"30":1,"31":1,"32":1,"33":1,"34":1,"35":0,"36":0,"37":0,"38":0,"39":0,"40":0,"41":0,"42":0,"43":0,"44":0,"45":0,"46":0,"47":0,"48":0,"49":1,"50":0,"51":0,"52":0,"53":0,"54":0,"55":0,"56":0,"57":0,"58":1,"59":1,"60":1,"61":0,"62":0,"63":0,"64":0,"65":0,"66":0,"67":0,"68":0,"69":0,"70":0,"71":0,"72":0,"73":0,"74":0,"75":0,"76":0,"77":0,"78":0,"79":0,"80":0,"81":0,"82":0,"83":1,"84":0,"85":0,"86":0,"87":0,"88":1,"89":0,"90":0,"91":0,"92":0,"93":0,"94":0,"95":0,"96":0,"97":0,"98":0,"99":1,"100":0,"101":0,"102":0,"103":0,"104":0,"105":0,"106":0,"107":0,"108":0,"109":0,"110":0,"111":0,"112":0,"113":0,"114":0,"115":0,"116":0,"117":0,"118":0,"119":0,"120":0,"121":0,"122":0,"123":0,"124":0,"125":0,"126":0,"127":0,"128":0,"129":0,"130":0,"131":0,"132":0,"133":0,"134":0,"135":0,"136":0,"137":0,"138":1,"139":0,"140":0,"141":0,"142":0,"143":0,"144":0,"145":0,"146":0,"147":0,"148":0,"149":0,"150":0,"151":0,"152":0,"153":0,"154":0,"155":0,"156":0,"157":1,"158":0,"159":0,"160":0,"161":0,"162":0,"163":0,"164":0,"165":1,"166":0,"167":0,"168":0,"169":0,"170":0,"171":0,"172":0,"173":1,"174":0,"175":0,"176":0,"177":0,"178":0,"179":0,"180":0,"181":0,"182":0,"183":0,"184":0,"185":0,"186":0,"187":0,"188":0,"189":0,"190":0,"191":1,"192":0,"193":0,"194":0,"195":0,"196":0,"197":0,"198":0,"199":0,"200":0,"201":0,"202":0,"203":0,"204":0,"205":0,"206":0,"207":0,"208":0,"209":0,"210":0,"211":0,"212":0,"213":0,"214":0,"215":0,"216":0,"217":0,"218":0,"219":0,"220":0,"221":0,"222":0,"223":0,"224":1,"225":0,"226":0,"227":0,"228":0,"229":0,"230":0,"231":0,"232":0,"233":0,"234":0,"235":0,"236":0,"237":0,"238":0,"239":0,"240":1,"241":0,"242":0,"243":0,"244":0,"245":0,"246":0,"247":1,"248":1,"249":1},"b":{"1":[1,0],"2":[0,0],"3":[0,5],"4":[5,5],"5":[0,0],"6":[0,1],"7":[1,0],"8":[1,1],"9":[1,0],"10":[1,0],"11":[0,0],"12":[0,0],"13":[0,0],"14":[0,0],"15":[0,0],"16":[0,0],"17":[0,0],"18":[0,0],"19":[0,0],"20":[0,0],"21":[0,0],"22":[0,0],"23":[0,0],"24":[0,0],"25":[0,0],"26":[0,0],"27":[0,0],"28":[0,0],"29":[0,0],"30":[0,0],"31":[0,0],"32":[0,0],"33":[0,0],"34":[0,0],"35":[0,0],"36":[0,0],"37":[0,0],"38":[0,0],"39":[0,0],"40":[0,0],"41":[0,0],"42":[0,0],"43":[0,0],"44":[0,0],"45":[0,0],"46":[0,0],"47":[0,0],"48":[0,0],"49":[0,0],"50":[0,0],"51":[0,0],"52":[0,0],"53":[0,0]},"f":{"1":0,"2":5,"3":0,"4":1,"5":0,"6":0,"7":1,"8":0,"9":0,"10":0,"11":0,"12":0,"13":0,"14":0,"15":0,"16":0,"17":0,"18":0,"19":0,"20":0,"21":0,"22":0,"23":0,"24":0,"25":0,"26":0,"27":0,"28":0,"29":0},"fnMap":{"1":{"name":"(anonymous_1)","line":11,"loc":{"start":{"line":11,"column":32},"end":{"line":11,"column":50}}},"2":{"name":"_interopRequireDefault","line":13,"loc":{"start":{"line":13,"column":0},"end":{"line":13,"column":37}}},"3":{"name":"_classCallCheck","line":15,"loc":{"start":{"line":15,"column":0},"end":{"line":15,"column":48}}},"4":{"name":"_inherits","line":17,"loc":{"start":{"line":17,"column":0},"end":{"line":17,"column":41}}},"5":{"name":"getElectronPath","line":48,"loc":{"start":{"line":48,"column":0},"end":{"line":48,"column":27}}},"6":{"name":"getElectronPathFromPackage","line":80,"loc":{"start":{"line":80,"column":0},"end":{"line":80,"column":48}}},"7":{"name":"(anonymous_7)","line":99,"loc":{"start":{"line":99,"column":23},"end":{"line":99,"column":48}}},"8":{"name":"ElectronManager","line":102,"loc":{"start":{"line":102,"column":2},"end":{"line":102,"column":29}}},"9":{"name":"processExitHandler","line":134,"loc":{"start":{"line":134,"column":4},"end":{"line":134,"column":34}}},"10":{"name":"start","line":144,"loc":{"start":{"line":144,"column":36},"end":{"line":144,"column":55}}},"11":{"name":"startHandler","line":160,"loc":{"start":{"line":160,"column":4},"end":{"line":160,"column":31}}},"12":{"name":"(anonymous_12)","line":180,"loc":{"start":{"line":180,"column":16},"end":{"line":180,"column":30}}},"13":{"name":"(anonymous_13)","line":210,"loc":{"start":{"line":210,"column":42},"end":{"line":210,"column":54}}},"14":{"name":"(anonymous_14)","line":214,"loc":{"start":{"line":214,"column":37},"end":{"line":214,"column":49}}},"15":{"name":"(anonymous_15)","line":222,"loc":{"start":{"line":222,"column":42},"end":{"line":222,"column":54}}},"16":{"name":"(anonymous_16)","line":227,"loc":{"start":{"line":227,"column":36},"end":{"line":227,"column":48}}},"17":{"name":"(anonymous_17)","line":232,"loc":{"start":{"line":232,"column":32},"end":{"line":232,"column":44}}},"18":{"name":"execute","line":249,"loc":{"start":{"line":249,"column":38},"end":{"line":249,"column":61}}},"19":{"name":"_manageTaskStartInWorker","line":292,"loc":{"start":{"line":292,"column":55},"end":{"line":292,"column":97}}},"20":{"name":"_manageTaskEndInWorker","line":309,"loc":{"start":{"line":309,"column":53},"end":{"line":309,"column":93}}},"21":{"name":"_executeInWorker","line":325,"loc":{"start":{"line":325,"column":47},"end":{"line":325,"column":100}}},"22":{"name":"(anonymous_22)","line":341,"loc":{"start":{"line":341,"column":19},"end":{"line":341,"column":39}}},"23":{"name":"executeTask","line":355,"loc":{"start":{"line":355,"column":4},"end":{"line":355,"column":27}}},"24":{"name":"(anonymous_24)","line":360,"loc":{"start":{"line":360,"column":33},"end":{"line":360,"column":45}}},"25":{"name":"(anonymous_25)","line":387,"loc":{"start":{"line":387,"column":27},"end":{"line":387,"column":50}}},"26":{"name":"tryFlushQueue","line":413,"loc":{"start":{"line":413,"column":44},"end":{"line":413,"column":69}}},"27":{"name":"kill","line":448,"loc":{"start":{"line":448,"column":35},"end":{"line":448,"column":51}}},"28":{"name":"(anonymous_28)","line":451,"loc":{"start":{"line":451,"column":27},"end":{"line":451,"column":42}}},"29":{"name":"(anonymous_29)","line":455,"loc":{"start":{"line":455,"column":36},"end":{"line":455,"column":62}}}},"statementMap":{"1":{"start":{"line":9,"column":0},"end":{"line":9,"column":26}},"2":{"start":{"line":11,"column":0},"end":{"line":11,"column":257}},"3":{"start":{"line":11,"column":52},"end":{"line":11,"column":239}},"4":{"start":{"line":11,"column":97},"end":{"line":11,"column":123}},"5":{"start":{"line":11,"column":124},"end":{"line":11,"column":237}},"6":{"start":{"line":11,"column":150},"end":{"line":11,"column":235}},"7":{"start":{"line":11,"column":207},"end":{"line":11,"column":233}},"8":{"start":{"line":11,"column":240},"end":{"line":11,"column":254}},"9":{"start":{"line":13,"column":0},"end":{"line":13,"column":97}},"10":{"start":{"line":13,"column":39},"end":{"line":13,"column":95}},"11":{"start":{"line":15,"column":0},"end":{"line":15,"column":153}},"12":{"start":{"line":15,"column":50},"end":{"line":15,"column":151}},"13":{"start":{"line":15,"column":92},"end":{"line":15,"column":149}},"14":{"start":{"line":17,"column":0},"end":{"line":17,"column":494}},"15":{"start":{"line":17,"column":43},"end":{"line":17,"column":208}},"16":{"start":{"line":17,"column":106},"end":{"line":17,"column":206}},"17":{"start":{"line":17,"column":209},"end":{"line":17,"column":373}},"18":{"start":{"line":17,"column":374},"end":{"line":17,"column":492}},"19":{"start":{"line":17,"column":390},"end":{"line":17,"column":492}},"20":{"start":{"line":19,"column":0},"end":{"line":19,"column":32}},"21":{"start":{"line":21,"column":0},"end":{"line":21,"column":24}},"22":{"start":{"line":23,"column":0},"end":{"line":23,"column":39}},"23":{"start":{"line":25,"column":0},"end":{"line":25,"column":30}},"24":{"start":{"line":27,"column":0},"end":{"line":27,"column":45}},"25":{"start":{"line":29,"column":0},"end":{"line":29,"column":30}},"26":{"start":{"line":31,"column":0},"end":{"line":31,"column":45}},"27":{"start":{"line":33,"column":0},"end":{"line":33,"column":51}},"28":{"start":{"line":35,"column":0},"end":{"line":35,"column":65}},"29":{"start":{"line":37,"column":0},"end":{"line":37,"column":50}},"30":{"start":{"line":39,"column":0},"end":{"line":39,"column":63}},"31":{"start":{"line":41,"column":0},"end":{"line":41,"column":46}},"32":{"start":{"line":43,"column":0},"end":{"line":44,"column":70}},"33":{"start":{"line":46,"column":0},"end":{"line":46,"column":30}},"34":{"start":{"line":48,"column":0},"end":{"line":78,"column":1}},"35":{"start":{"line":49,"column":2},"end":{"line":49,"column":27}},"36":{"start":{"line":51,"column":2},"end":{"line":54,"column":3}},"37":{"start":{"line":52,"column":4},"end":{"line":52,"column":53}},"38":{"start":{"line":53,"column":4},"end":{"line":53,"column":25}},"39":{"start":{"line":57,"column":2},"end":{"line":57,"column":52}},"40":{"start":{"line":59,"column":2},"end":{"line":62,"column":3}},"41":{"start":{"line":61,"column":4},"end":{"line":61,"column":63}},"42":{"start":{"line":64,"column":2},"end":{"line":73,"column":3}},"43":{"start":{"line":66,"column":4},"end":{"line":66,"column":61}},"44":{"start":{"line":68,"column":4},"end":{"line":72,"column":5}},"45":{"start":{"line":69,"column":6},"end":{"line":69,"column":53}},"46":{"start":{"line":71,"column":6},"end":{"line":71,"column":227}},"47":{"start":{"line":75,"column":2},"end":{"line":75,"column":27}},"48":{"start":{"line":77,"column":2},"end":{"line":77,"column":18}},"49":{"start":{"line":80,"column":0},"end":{"line":97,"column":1}},"50":{"start":{"line":81,"column":2},"end":{"line":81,"column":31}},"51":{"start":{"line":83,"column":2},"end":{"line":96,"column":3}},"52":{"start":{"line":84,"column":4},"end":{"line":84,"column":83}},"53":{"start":{"line":87,"column":4},"end":{"line":87,"column":39}},"54":{"start":{"line":89,"column":4},"end":{"line":89,"column":24}},"55":{"start":{"line":91,"column":4},"end":{"line":93,"column":5}},"56":{"start":{"line":92,"column":6},"end":{"line":92,"column":26}},"57":{"start":{"line":95,"column":4},"end":{"line":95,"column":14}},"58":{"start":{"line":99,"column":0},"end":{"line":463,"column":25}},"59":{"start":{"line":100,"column":2},"end":{"line":100,"column":44}},"60":{"start":{"line":102,"column":2},"end":{"line":142,"column":3}},"61":{"start":{"line":103,"column":4},"end":{"line":103,"column":90}},"62":{"start":{"line":105,"column":4},"end":{"line":105,"column":43}},"63":{"start":{"line":107,"column":4},"end":{"line":107,"column":29}},"64":{"start":{"line":109,"column":4},"end":{"line":109,"column":24}},"65":{"start":{"line":111,"column":4},"end":{"line":111,"column":33}},"66":{"start":{"line":112,"column":4},"end":{"line":112,"column":43}},"67":{"start":{"line":113,"column":4},"end":{"line":113,"column":41}},"68":{"start":{"line":114,"column":4},"end":{"line":114,"column":74}},"69":{"start":{"line":115,"column":4},"end":{"line":115,"column":64}},"70":{"start":{"line":116,"column":4},"end":{"line":116,"column":83}},"71":{"start":{"line":117,"column":4},"end":{"line":117,"column":75}},"72":{"start":{"line":118,"column":4},"end":{"line":118,"column":92}},"73":{"start":{"line":119,"column":4},"end":{"line":119,"column":57}},"74":{"start":{"line":120,"column":4},"end":{"line":120,"column":57}},"75":{"start":{"line":121,"column":4},"end":{"line":121,"column":88}},"76":{"start":{"line":122,"column":4},"end":{"line":122,"column":88}},"77":{"start":{"line":123,"column":4},"end":{"line":123,"column":24}},"78":{"start":{"line":124,"column":4},"end":{"line":124,"column":25}},"79":{"start":{"line":126,"column":4},"end":{"line":128,"column":5}},"80":{"start":{"line":127,"column":6},"end":{"line":127,"column":75}},"81":{"start":{"line":130,"column":4},"end":{"line":132,"column":5}},"82":{"start":{"line":131,"column":6},"end":{"line":131,"column":81}},"83":{"start":{"line":134,"column":4},"end":{"line":137,"column":5}},"84":{"start":{"line":135,"column":6},"end":{"line":135,"column":61}},"85":{"start":{"line":136,"column":6},"end":{"line":136,"column":22}},"86":{"start":{"line":139,"column":4},"end":{"line":139,"column":50}},"87":{"start":{"line":141,"column":4},"end":{"line":141,"column":45}},"88":{"start":{"line":144,"column":2},"end":{"line":247,"column":4}},"89":{"start":{"line":145,"column":4},"end":{"line":145,"column":21}},"90":{"start":{"line":147,"column":4},"end":{"line":147,"column":20}},"91":{"start":{"line":148,"column":4},"end":{"line":148,"column":26}},"92":{"start":{"line":149,"column":4},"end":{"line":149,"column":32}},"93":{"start":{"line":150,"column":4},"end":{"line":150,"column":51}},"94":{"start":{"line":151,"column":4},"end":{"line":151,"column":49}},"95":{"start":{"line":152,"column":4},"end":{"line":152,"column":44}},"96":{"start":{"line":154,"column":4},"end":{"line":156,"column":5}},"97":{"start":{"line":155,"column":6},"end":{"line":155,"column":73}},"98":{"start":{"line":158,"column":4},"end":{"line":158,"column":95}},"99":{"start":{"line":160,"column":4},"end":{"line":178,"column":5}},"100":{"start":{"line":161,"column":6},"end":{"line":163,"column":7}},"101":{"start":{"line":162,"column":8},"end":{"line":162,"column":31}},"102":{"start":{"line":165,"column":6},"end":{"line":165,"column":16}},"103":{"start":{"line":167,"column":6},"end":{"line":177,"column":7}},"104":{"start":{"line":168,"column":8},"end":{"line":173,"column":9}},"105":{"start":{"line":169,"column":10},"end":{"line":169,"column":96}},"106":{"start":{"line":170,"column":10},"end":{"line":170,"column":62}},"107":{"start":{"line":171,"column":10},"end":{"line":171,"column":73}},"108":{"start":{"line":172,"column":10},"end":{"line":172,"column":45}},"109":{"start":{"line":175,"column":8},"end":{"line":175,"column":54}},"110":{"start":{"line":176,"column":8},"end":{"line":176,"column":17}},"111":{"start":{"line":180,"column":4},"end":{"line":242,"column":6}},"112":{"start":{"line":181,"column":6},"end":{"line":183,"column":37}},"113":{"start":{"line":186,"column":6},"end":{"line":188,"column":7}},"114":{"start":{"line":187,"column":8},"end":{"line":187,"column":37}},"115":{"start":{"line":190,"column":6},"end":{"line":205,"column":8}},"116":{"start":{"line":207,"column":6},"end":{"line":207,"column":84}},"117":{"start":{"line":208,"column":6},"end":{"line":208,"column":70}},"118":{"start":{"line":210,"column":6},"end":{"line":212,"column":9}},"119":{"start":{"line":211,"column":8},"end":{"line":211,"column":89}},"120":{"start":{"line":214,"column":6},"end":{"line":220,"column":9}},"121":{"start":{"line":215,"column":8},"end":{"line":217,"column":9}},"122":{"start":{"line":216,"column":10},"end":{"line":216,"column":68}},"123":{"start":{"line":219,"column":8},"end":{"line":219,"column":54}},"124":{"start":{"line":222,"column":6},"end":{"line":225,"column":9}},"125":{"start":{"line":223,"column":8},"end":{"line":223,"column":59}},"126":{"start":{"line":224,"column":8},"end":{"line":224,"column":30}},"127":{"start":{"line":227,"column":6},"end":{"line":230,"column":9}},"128":{"start":{"line":228,"column":8},"end":{"line":228,"column":53}},"129":{"start":{"line":229,"column":8},"end":{"line":229,"column":30}},"130":{"start":{"line":232,"column":6},"end":{"line":236,"column":9}},"131":{"start":{"line":233,"column":8},"end":{"line":235,"column":9}},"132":{"start":{"line":234,"column":10},"end":{"line":234,"column":68}},"133":{"start":{"line":238,"column":6},"end":{"line":238,"column":52}},"134":{"start":{"line":239,"column":6},"end":{"line":239,"column":64}},"135":{"start":{"line":241,"column":6},"end":{"line":241,"column":55}},"136":{"start":{"line":244,"column":4},"end":{"line":246,"column":5}},"137":{"start":{"line":245,"column":6},"end":{"line":245,"column":16}},"138":{"start":{"line":249,"column":2},"end":{"line":290,"column":4}},"139":{"start":{"line":250,"column":4},"end":{"line":253,"column":23}},"140":{"start":{"line":255,"column":4},"end":{"line":257,"column":5}},"141":{"start":{"line":256,"column":6},"end":{"line":256,"column":39}},"142":{"start":{"line":259,"column":4},"end":{"line":264,"column":5}},"143":{"start":{"line":260,"column":6},"end":{"line":260,"column":24}},"144":{"start":{"line":261,"column":6},"end":{"line":261,"column":19}},"145":{"start":{"line":263,"column":6},"end":{"line":263,"column":19}},"146":{"start":{"line":266,"column":4},"end":{"line":266,"column":39}},"147":{"start":{"line":270,"column":4},"end":{"line":272,"column":7}},"148":{"start":{"line":274,"column":4},"end":{"line":285,"column":5}},"149":{"start":{"line":275,"column":6},"end":{"line":275,"column":99}},"150":{"start":{"line":277,"column":6},"end":{"line":277,"column":61}},"151":{"start":{"line":279,"column":6},"end":{"line":279,"column":98}},"152":{"start":{"line":281,"column":6},"end":{"line":281,"column":72}},"153":{"start":{"line":283,"column":6},"end":{"line":283,"column":60}},"154":{"start":{"line":284,"column":6},"end":{"line":284,"column":13}},"155":{"start":{"line":287,"column":4},"end":{"line":287,"column":82}},"156":{"start":{"line":289,"column":4},"end":{"line":289,"column":67}},"157":{"start":{"line":292,"column":2},"end":{"line":307,"column":4}},"158":{"start":{"line":293,"column":4},"end":{"line":293,"column":71}},"159":{"start":{"line":295,"column":4},"end":{"line":297,"column":5}},"160":{"start":{"line":296,"column":6},"end":{"line":296,"column":55}},"161":{"start":{"line":299,"column":4},"end":{"line":301,"column":5}},"162":{"start":{"line":300,"column":6},"end":{"line":300,"column":53}},"163":{"start":{"line":304,"column":4},"end":{"line":306,"column":5}},"164":{"start":{"line":305,"column":6},"end":{"line":305,"column":27}},"165":{"start":{"line":309,"column":2},"end":{"line":323,"column":4}},"166":{"start":{"line":310,"column":4},"end":{"line":310,"column":71}},"167":{"start":{"line":312,"column":4},"end":{"line":314,"column":5}},"168":{"start":{"line":313,"column":6},"end":{"line":313,"column":55}},"169":{"start":{"line":316,"column":4},"end":{"line":318,"column":5}},"170":{"start":{"line":317,"column":6},"end":{"line":317,"column":53}},"171":{"start":{"line":320,"column":4},"end":{"line":322,"column":5}},"172":{"start":{"line":321,"column":6},"end":{"line":321,"column":28}},"173":{"start":{"line":325,"column":2},"end":{"line":411,"column":4}},"174":{"start":{"line":326,"column":4},"end":{"line":326,"column":22}},"175":{"start":{"line":328,"column":4},"end":{"line":328,"column":44}},"176":{"start":{"line":328,"column":31},"end":{"line":328,"column":44}},"177":{"start":{"line":330,"column":4},"end":{"line":330,"column":34}},"178":{"start":{"line":332,"column":4},"end":{"line":336,"column":5}},"179":{"start":{"line":333,"column":6},"end":{"line":333,"column":38}},"180":{"start":{"line":335,"column":6},"end":{"line":335,"column":43}},"181":{"start":{"line":338,"column":4},"end":{"line":353,"column":5}},"182":{"start":{"line":339,"column":6},"end":{"line":339,"column":68}},"183":{"start":{"line":341,"column":6},"end":{"line":350,"column":9}},"184":{"start":{"line":342,"column":8},"end":{"line":346,"column":9}},"185":{"start":{"line":343,"column":10},"end":{"line":343,"column":72}},"186":{"start":{"line":344,"column":10},"end":{"line":344,"column":33}},"187":{"start":{"line":345,"column":10},"end":{"line":345,"column":30}},"188":{"start":{"line":348,"column":8},"end":{"line":348,"column":65}},"189":{"start":{"line":349,"column":8},"end":{"line":349,"column":33}},"190":{"start":{"line":352,"column":6},"end":{"line":352,"column":29}},"191":{"start":{"line":355,"column":4},"end":{"line":410,"column":5}},"192":{"start":{"line":356,"column":6},"end":{"line":356,"column":24}},"193":{"start":{"line":358,"column":6},"end":{"line":358,"column":25}},"194":{"start":{"line":360,"column":6},"end":{"line":381,"column":24}},"195":{"start":{"line":361,"column":8},"end":{"line":361,"column":72}},"196":{"start":{"line":363,"column":8},"end":{"line":365,"column":9}},"197":{"start":{"line":364,"column":10},"end":{"line":364,"column":17}},"198":{"start":{"line":367,"column":8},"end":{"line":367,"column":86}},"199":{"start":{"line":369,"column":8},"end":{"line":369,"column":22}},"200":{"start":{"line":371,"column":8},"end":{"line":371,"column":46}},"201":{"start":{"line":373,"column":8},"end":{"line":373,"column":45}},"202":{"start":{"line":375,"column":8},"end":{"line":375,"column":32}},"203":{"start":{"line":376,"column":8},"end":{"line":376,"column":35}},"204":{"start":{"line":377,"column":8},"end":{"line":377,"column":109}},"205":{"start":{"line":378,"column":8},"end":{"line":378,"column":18}},"206":{"start":{"line":380,"column":8},"end":{"line":380,"column":31}},"207":{"start":{"line":383,"column":6},"end":{"line":383,"column":96}},"208":{"start":{"line":385,"column":6},"end":{"line":385,"column":37}},"209":{"start":{"line":387,"column":6},"end":{"line":409,"column":9}},"210":{"start":{"line":388,"column":8},"end":{"line":390,"column":9}},"211":{"start":{"line":389,"column":10},"end":{"line":389,"column":17}},"212":{"start":{"line":392,"column":8},"end":{"line":392,"column":46}},"213":{"start":{"line":395,"column":8},"end":{"line":395,"column":72}},"214":{"start":{"line":396,"column":8},"end":{"line":396,"column":32}},"215":{"start":{"line":398,"column":8},"end":{"line":403,"column":9}},"216":{"start":{"line":399,"column":10},"end":{"line":399,"column":74}},"217":{"start":{"line":400,"column":10},"end":{"line":400,"column":33}},"218":{"start":{"line":401,"column":10},"end":{"line":401,"column":18}},"219":{"start":{"line":402,"column":10},"end":{"line":402,"column":17}},"220":{"start":{"line":405,"column":8},"end":{"line":405,"column":22}},"221":{"start":{"line":406,"column":8},"end":{"line":406,"column":80}},"222":{"start":{"line":407,"column":8},"end":{"line":407,"column":31}},"223":{"start":{"line":408,"column":8},"end":{"line":408,"column":25}},"224":{"start":{"line":413,"column":2},"end":{"line":446,"column":4}},"225":{"start":{"line":414,"column":4},"end":{"line":416,"column":25}},"226":{"start":{"line":418,"column":4},"end":{"line":418,"column":61}},"227":{"start":{"line":420,"column":4},"end":{"line":423,"column":5}},"228":{"start":{"line":421,"column":6},"end":{"line":421,"column":50}},"229":{"start":{"line":422,"column":6},"end":{"line":422,"column":13}},"230":{"start":{"line":427,"column":4},"end":{"line":429,"column":7}},"231":{"start":{"line":431,"column":4},"end":{"line":434,"column":5}},"232":{"start":{"line":432,"column":6},"end":{"line":432,"column":69}},"233":{"start":{"line":433,"column":6},"end":{"line":433,"column":13}},"234":{"start":{"line":436,"column":4},"end":{"line":436,"column":35}},"235":{"start":{"line":437,"column":4},"end":{"line":437,"column":97}},"236":{"start":{"line":439,"column":4},"end":{"line":439,"column":59}},"237":{"start":{"line":441,"column":4},"end":{"line":441,"column":108}},"238":{"start":{"line":443,"column":4},"end":{"line":443,"column":85}},"239":{"start":{"line":445,"column":4},"end":{"line":445,"column":58}},"240":{"start":{"line":448,"column":2},"end":{"line":460,"column":4}},"241":{"start":{"line":449,"column":4},"end":{"line":449,"column":42}},"242":{"start":{"line":451,"column":4},"end":{"line":453,"column":7}},"243":{"start":{"line":452,"column":6},"end":{"line":452,"column":24}},"244":{"start":{"line":455,"column":4},"end":{"line":457,"column":7}},"245":{"start":{"line":456,"column":6},"end":{"line":456,"column":32}},"246":{"start":{"line":459,"column":4},"end":{"line":459,"column":61}},"247":{"start":{"line":462,"column":2},"end":{"line":462,"column":25}},"248":{"start":{"line":465,"column":0},"end":{"line":465,"column":37}},"249":{"start":{"line":466,"column":0},"end":{"line":466,"column":36}}},"branchMap":{"1":{"line":11,"type":"binary-expr","locations":[{"start":{"line":11,"column":15},"end":{"line":11,"column":28}},{"start":{"line":11,"column":32},"end":{"line":11,"column":256}}]},"2":{"line":11,"type":"if","locations":[{"start":{"line":11,"column":150},"end":{"line":11,"column":150}},{"start":{"line":11,"column":150},"end":{"line":11,"column":150}}]},"3":{"line":13,"type":"cond-expr","locations":[{"start":{"line":13,"column":70},"end":{"line":13,"column":73}},{"start":{"line":13,"column":76},"end":{"line":13,"column":94}}]},"4":{"line":13,"type":"binary-expr","locations":[{"start":{"line":13,"column":46},"end":{"line":13,"column":49}},{"start":{"line":13,"column":53},"end":{"line":13,"column":67}}]},"5":{"line":15,"type":"if","locations":[{"start":{"line":15,"column":50},"end":{"line":15,"column":50}},{"start":{"line":15,"column":50},"end":{"line":15,"column":50}}]},"6":{"line":17,"type":"if","locations":[{"start":{"line":17,"column":43},"end":{"line":17,"column":43}},{"start":{"line":17,"column":43},"end":{"line":17,"column":43}}]},"7":{"line":17,"type":"binary-expr","locations":[{"start":{"line":17,"column":47},"end":{"line":17,"column":79}},{"start":{"line":17,"column":83},"end":{"line":17,"column":102}}]},"8":{"line":17,"type":"binary-expr","locations":[{"start":{"line":17,"column":244},"end":{"line":17,"column":254}},{"start":{"line":17,"column":258},"end":{"line":17,"column":278}}]},"9":{"line":17,"type":"if","locations":[{"start":{"line":17,"column":374},"end":{"line":17,"column":374}},{"start":{"line":17,"column":374},"end":{"line":17,"column":374}}]},"10":{"line":17,"type":"cond-expr","locations":[{"start":{"line":17,"column":414},"end":{"line":17,"column":457}},{"start":{"line":17,"column":460},"end":{"line":17,"column":491}}]},"11":{"line":51,"type":"if","locations":[{"start":{"line":51,"column":2},"end":{"line":51,"column":2}},{"start":{"line":51,"column":2},"end":{"line":51,"column":2}}]},"12":{"line":59,"type":"if","locations":[{"start":{"line":59,"column":2},"end":{"line":59,"column":2}},{"start":{"line":59,"column":2},"end":{"line":59,"column":2}}]},"13":{"line":64,"type":"if","locations":[{"start":{"line":64,"column":2},"end":{"line":64,"column":2}},{"start":{"line":64,"column":2},"end":{"line":64,"column":2}}]},"14":{"line":91,"type":"if","locations":[{"start":{"line":91,"column":4},"end":{"line":91,"column":4}},{"start":{"line":91,"column":4},"end":{"line":91,"column":4}}]},"15":{"line":103,"type":"cond-expr","locations":[{"start":{"line":103,"column":72},"end":{"line":103,"column":74}},{"start":{"line":103,"column":77},"end":{"line":103,"column":89}}]},"16":{"line":103,"type":"binary-expr","locations":[{"start":{"line":103,"column":18},"end":{"line":103,"column":39}},{"start":{"line":103,"column":43},"end":{"line":103,"column":69}}]},"17":{"line":114,"type":"binary-expr","locations":[{"start":{"line":114,"column":34},"end":{"line":114,"column":61}},{"start":{"line":114,"column":6
[...]
  // re-try check","      if (connectionMode === 'server') {","        setTimeout(function () {","          _this3.checkAlive(cb, shotCount);","        }, 100);","      }","    }","","    if (connectionMode === 'server') {","      _checkPortStatus2['default'](this.port, this.options.host, statusHandler.bind(this));","    } else if (connectionMode === 'ipc') {","      _checkIpcStatus2['default'](this._childProcess, statusHandler.bind(this));","    }","  };","","  ElectronWorker.prototype.execute = function execute(data, cb) {","    var _this4 = this;","","    var connectionMode = this.options.connectionMode,","        httpOpts = undefined,","        req = undefined,","        json = undefined,","        taskId = undefined;","","    debugWorker('new task for worker [' + this.id + ']..');","","    this.emit('task');","","    if (this._hardKill) {","      debugWorker('task execution stopped because worker [' + this.id + '] was killed by the user..');","      return;","    }","","    if (connectionMode === 'ipc') {","      debugWorker('creating ipc task message for worker [' + this.id + ']..');","","      taskId = _uuid2['default'].v1();","","      this._taskCallback[taskId] = function () {","        for (var _len = arguments.length, args = Array(_len), _key = 0; _key < _len; _key++) {","          args[_key] = arguments[_key];","        }","","        _this4.emit('taskEnd');","        cb.apply(undefined, args);","      };","","      return this._childProcess.send({","        workerEvent: 'task',","        taskId: taskId,","        payload: data","      });","    }","","    debugWorker('creating request for worker [' + this.id + ']..');","","    httpOpts = {","      hostname: this.options.host,","      port: this.port,","      path: '/',","      method: 'POST'","    };","","    req = _http2['default'].request(httpOpts, function (res) {","      var result = '';","","      res.on('data', function (chunk) {","        result += chunk;","      });","","      res.on('end', function () {","        var responseData = undefined;","","        debugWorker('request in worker [' + _this4.id + '] has ended..');","","        _this4.emit('taskEnd');","","        try {","          debugWorker('trying to parse worker [' + _this4.id + '] response..');","          responseData = result ? JSON.parse(result) : null;","        } catch (err) {","          debugWorker('couldn\\'t parse response for worker [' + _this4.id + ']..');","          return cb(err);","        }","","        debugWorker('response has been parsed correctly for worker [' + _this4.id + ']..');","        cb(null, responseData);","      });","    });","","    req.setHeader('Content-Type', 'application/json');","    json = JSON.stringify(data);","    req.setHeader('Content-Length', Buffer.byteLength(json));","","    debugWorker('trying to communicate with worker [' + this.id + '], request options:', httpOpts, 'data:', json);","","    req.write(json);","","    req.on('error', function (err) {","      debugWorker('error when trying to communicate with worker [' + _this4.id + ']..');","      cb(err);","    });","","    req.end();","  };","","  ElectronWorker.prototype.recycle = function recycle() {","    var _this5 = this;","","    var cb = undefined,","        revive = undefined;","","    debugWorker('recycling worker [' + this.id + ']..');","","    for (var _len2 = arguments.length, args = Array(_len2), _key2 = 0; _key2 < _len2; _key2++) {","      args[_key2] = arguments[_key2];","    }","","    if (args.length < 2) {","      cb = args[0];","      revive = true;","    } else {","      cb = args[1];","      revive = args[0];","    }","","    if (this._childProcess) {","      this.isRecycling = true;","      // mark worker as busy before recycling","      this.isBusy = true;","","      this.emit('recycling');","","      if (this._hardKill) {","        debugWorker('recycling was stopped because worker [' + this.id + '] was killed by the user..');","        return;","      }","","      this.kill();","","      debugWorker('trying to re-start child process for worker [' + this.id + ']..');","","      this.start(function (startErr) {","        _this5.isRecycling = false;","        // mark worker as free after recycling","        _this5.isBusy = false;","","        // if there is a error on worker recycling, revive it on next execute","        if (startErr) {","          _this5.shouldRevive = Boolean(revive);","","          debugWorker('couldn\\'t recycle worker [' + _this5.id + '], should revive: ' + _this5.shouldRevive);","","          cb(startErr);","          _this5.emit('recyclingError', startErr);","          return;","        }","","        debugWorker('worker [' + _this5.id + '] has been recycled..');","","        _this5.shouldRevive = false;","","        cb();","","        _this5.emit('recycled');","      });","    } else {","      debugWorker('there is no child process to recycle - worker [' + this.id + ']');","    }","  };","","  ElectronWorker.prototype.kill = function kill(hardKill) {","    var connectionMode = this.options.connectionMode;","","    debugWorker('killing worker [' + this.id + ']..');","","    this.emit('kill');","","    this._hardKill = Boolean(hardKill);","","    if (this._childProcess) {","      if (this._childProcess.connected) {","        debugWorker('closing ipc connection - worker [' + this.id + ']..');","        this._childProcess.disconnect();","      }","","      // clean previous listeners","      if (this._handleSpawnError) {","        this._childProcess.removeListener('error', this._handleSpawnError);","      }","","      this._childProcess.removeListener('error', this.onWorkerProcessError);","      this._childProcess.removeListener('exit', this.onWorkerProcessExitTryToRecyle);","","      if (connectionMode === 'ipc') {","        this._childProcess.removeListener('message', this.onWorkerProcessIpcMessage);","      }","","      // guard against closing a process that has been closed before","      if (!this.exit) {","        if (this.options.killSignal) {","          debugWorker('killing worker [' + this.id + '] with custom signal:', this.options.killSignal);","          this._childProcess.kill(this.options.killSignal);","        } else {","          this._childProcess.kill();","        }","","        if (!hardKill) {","          this.onWorkerProcessExitTryToRecyle();","        }","      }","","      this._childProcess = undefined;","    } else {","      debugWorker('there is no child process to kill - worker [' + this.id + ']');","    }","  };","","  return ElectronWorker;","})(_events.EventEmitter);","","exports['default'] = ElectronWorker;","module.exports = exports['default'];"],"l":{"3":1,"5":1,"7":9,"9":1,"11":1,"13":1,"15":1,"17":1,"19":1,"21":1,"23":1,"25":1,"27":1,"29":1,"31":1,"33":1,"35":1,"37":1,"39":1,"41":1,"43":1,"45":1,"47":1,"49":1,"51":1,"53":1,"55":1,"56":0,"59":0,"61":0,"62":0,"63":0,"66":0,"67":0,"70":0,"73":1,"74":0,"78":0,"79":0,"82":0,"84":0,"85":0,"89":1,"90":0,"91":0,"94":0,"97":1,"98":1,"100":1,"101":0,"103":0,"105":0,"106":0,"107":0,"108":0,"109":0,"110":0,"111":0,"112":0,"113":0,"114":0,"116":0,"117":0,"118":0,"120":0,"121":0,"122":0,"125":0,"126":0,"127":0,"130":0,"131":0,"137":1,"138":0,"141":0,"142":0,"143":0,"148":0,"149":0,"150":0,"154":1,"155":0,"157":0,"161":0,"162":0,"164":0,"165":0,"167":0,"168":0,"173":1,"174":0,"177":0,"178":0,"180":0,"181":0,"183":0,"184":0,"185":0,"188":0,"189":0,"192":0,"196":1,"197":0,"199":0,"201":0,"202":0,"205":0,"207":0,"208":0,"211":0,"212":0,"213":0,"214":0,"215":0,"216":0,"217":0,"218":0,"219":0,"220":0,"221":0,"222":0,"224":0,"225":0,"228":0,"229":0,"231":0,"232":0,"233":0,"234":0,"237":0,"238":0,"239":0,"242":0,"244":0,"253":0,"254":0,"255":0,"256":0,"257":0,"258":0,"261":0,"262":0,"265":0,"267":0,"270":0,"271":0,"274":0,"275":0,"277":0,"278":0,"279":0,"280":0,"281":0,"285":0,"287":0,"289":0,"291":0,"293":0,"294":0,"297":0,"299":0,"301":0,"302":0,"305":0,"306":0,"307":0,"310":0,"312":0,"313":0,"314":0,"317":0,"318":0,"319":0,"322":0,"323":0,"325":0,"326":0,"329":0,"330":0,"336":1,"337":0,"340":1,"341":0,"343":0,"344":0,"347":0,"348":0,"351":0,"352":0,"355":0,"358":0,"359":0,"360":0,"365":0,"366":0,"367":0,"368":0,"372":1,"373":0,"375":0,"381":0,"383":0,"385":0,"386":0,"387":0,"390":0,"391":0,"393":0,"395":0,"396":0,"397":0,"400":0,"401":0,"404":0,"411":0,"413":0,"420":0,"421":0,"423":0,"424":0,"427":0,"428":0,"430":0,"432":0,"434":0,"435":0,"436":0,"438":0,"439":0,"442":0,"443":0,"447":0,"448":0,"449":0,"451":0,"453":0,"455":0,"456":0,"457":0,"460":0,"463":1,"464":0,"466":0,"469":0,"471":0,"472":0,"475":0,"476":0,"477":0,"479":0,"480":0,"483":0,"484":0,"486":0,"488":0,"490":0,"491":0,"492":0,"495":0,"497":0,"499":0,"500":0,"502":0,"505":0,"506":0,"508":0,"510":0,"511":0,"512":0,"515":0,"517":0,"519":0,"521":0,"524":0,"528":1,"529":0,"531":0,"533":0,"535":0,"537":0,"538":0,"539":0,"540":0,"544":0,"545":0,"548":0,"549":0,"551":0,"552":0,"556":0,"557":0,"558":0,"559":0,"561":0,"564":0,"565":0,"569":0,"571":0,"575":1,"578":1,"579":1}},"/home/travis/build/npmtest/node-npmtest-electron-workers/node_modules/electron-workers/lib/checkPortStatus.js":{"path":"/home/travis/build/npmtest/node-npmtest-electron-workers/node_modules/electron-workers/lib/checkPortStatus.js","s":{"1":1,"2":1,"3":1,"4":0,"5":0,"6":0,"7":0,"8":0,"9":0,"10":0,"11":0,"12":0,"13":0,"14":0,"15":0,"16":0,"17":0,"18":0,"19":0,"20":0,"21":0,"22":0,"23":0,"24":0,"25":1},"b":{"1":[0,0],"2":[0,0],"3":[0,0]},"f":{"1":0,"2":0,"3":0,"4":0,"5":0},"fnMap":{"1":{"name":"(anonymous_1)","line":7,"loc":{"start":{"line":7,"column":21},"end":{"line":7,"column":47}}},"2":{"name":"(anonymous_2)","line":17,"loc":{"start":{"line":17,"column":23},"end":{"line":17,"column":35}}},"3":{"name":"(anonymous_3)","line":25,"loc":{"start":{"line":25,"column":23},"end":{"line":25,"column":35}}},"4":{"name":"(anonymous_4)","line":31,"loc":{"start":{"line":31,"column":21},"end":{"line":31,"column":42}}},"5":{"name":"(anonymous_5)","line":42,"loc":{"start":{"line":42,"column":21},"end":{"line":42,"column":42}}}},"statementMap":{"1":{"start":{"line":3,"column":0},"end":{"line":3,"column":26}},"2":{"start":{"line":5,"column":0},"end":{"line":5,"column":26}},"3":{"start":{"line":7,"column":0},"end":{"line":53,"column":2}},"4":{"start":{"line":8,"column":2},"end":{"line":12,"column":25}},"5":{"start":{"line":14,"column":2},"end":{"line":14,"column":29}},"6":{"start":{"line":17,"column":2},"end":{"line":20,"column":5}},"7":{"start":{"line":18,"column":4},"end":{"line":18,"column":24}},"8":{"start":{"line":19,"column":4},"end":{"line":19,"column":21}},"9":{"start":{"line":23,"column":2},"end":{"line":23,"column":29}},"10":{"start":{"line":25,"column":2},"end":{"line":29,"column":5}},"11":{"start":{"line":26,"column":4},"end":{"line":26,"column":26}},"12":{"start":{"line":27,"column":4},"end":{"line":27,"column":123}},"13":{"start":{"line":28,"column":4},"end":{"line":28,"column":21}},"14":{"start":{"line":31,"column":2},"end":{"line":39,"column":5}},"15":{"start":{"line":32,"column":4},"end":{"line":36,"column":5}},"16":{"start":{"line":33,"column":6},"end":{"line":33,"column":24}},"17":{"start":{"line":35,"column":6},"end":{"line":35,"column":31}},"18":{"start":{"line":38,"column":4},"end":{"line":38,"column":26}},"19":{"start":{"line":42,"column":2},"end":{"line":50,"column":5}},"20":{"start":{"line":43,"column":4},"end":{"line":47,"column":5}},"21":{"start":{"line":44,"column":6},"end":{"line":44,"column":24}},"22":{"start":{"line":46,"column":6},"end":{"line":46,"column":19}},"23":{"start":{"line":49,"column":4},"end":{"line":49,"column":26}},"24":{"start":{"line":52,"column":2},"end":{"line":52,"column":29}},"25":{"start":{"line":55,"column":0},"end":{"line":55,"column":36}}},"branchMap":{"1":{"line":32,"type":"if","locations":[{"start":{"line":32,"column":4},"end":{"line":32,"column":4}},{"start":{"line":32,"column":4},"end":{"line":32,"column":4}}]},"2":{"line":43,"type":"if","locations":[{"start":{"line":43,"column":4},"end":{"line":43,"column":4}},{"start":{"line":43,"column":4},"end":{"line":43,"column":4}}]},"3":{"line":43,"type":"binary-expr","locations":[{"start":{"line":43,"column":8},"end":{"line":43,"column":17}},{"start":{"line":43,"column":21},"end":{"line":43,"column":39}}]}},"code":["'use strict';","","exports.__esModule = true;","","var _net = require('net');","","exports['default'] = function (port, host, cb) {","  var timeout = 50,","      connectionRefused = false,","      portStatus = null,","      error = null,","      socket = undefined;","","  socket = new _net.Socket();","","  // Socket connection established, port is open","  socket.on('connect', function () {","    portStatus = 'open';","    socket.destroy();","  });","","  // If no response, assume port is not listening","  socket.setTimeout(timeout);","","  socket.on('timeout', function () {","    portStatus = 'closed';","    error = new Error('Worker timeout (' + timeout + ' ms) ocurred waiting for ' + host + ':' + port + ' to be available');","    socket.destroy();","  });","","  socket.on('error', function (exception) {","    if (exception.code !== 'ECONNREFUSED') {","      error = exception;","    } else {","      connectionRefused = true;","    }","","    portStatus = 'closed';","  });","","  // Return after the socket has closed","  socket.on('close', function (exception) {","    if (exception && !connectionRefused) {","      error = exception;","    } else {","      error = null;","    }","","    cb(error, portStatus);","  });","","  socket.connect(port, host);","};","","module.exports = exports['default'];"],"l":{"3":1,"5":1,"7":1,"8":0,"14":0,"17":0,"18":0,"19":0,"23":0,"25":0,"26":0,"27":0,"28":0,"31":0,"32":0,"33":0,"35":0,"38":0,"42":0,"43":0,"44":0,"46":0,"49":0,"52":0,"55":1}},"/home/travis/build/npmtest/node-npmtest-electron-workers/node_modules/electron-workers/lib/checkIpcStatus.js":{"path":"/home/travis/build/npmtest/node-npmtest-electron-workers/node_modules/electron-workers/lib/checkIpcStatus.js","s":{"1":1,"2":1,"3":0,"4":1,"5":0,"6":0,"7":0,"8":0,"9":0,"10":0,"11":0,"12":1,"13":0,"14":0,"15":0,"16":0,"17":0,"18":0,"19":0,"20":0,"21":0,"22":0,"23":0,"24":0,"25":0,"26":0,"27":0,"28":0,"29":1},"b":{"1":[0,0],"2":[0,0],"3":[0,0],"4":[0,0],"5":[0,0],"6":[0,0],"7":[0,0],"8":[0,0],"9":[0,0]},"f":{"1":0,"2":0,"3":0,"4":0,"5":0},"fnMap":{"1":{"name":"(anonymous_1)","line":5,"loc":{"start":{"line":5,"column":21},"end":{"line":5,"column":47}}},"2":{"name":"pongHandler","line":10,"loc":{"start":{"line":10,"column":2},"end":{"line":10,"column":32}}},"3":{"name":"tryCommunication","line":23,"loc":{"start":{"line":23,"column":2},"end":{"line":23,"column":30}}},"4":{"name":"(anonymous_4)","line":32,"loc":{"start":{"line":32,"column":18},"end":{"line":32,"column":33}}},"5":{"name":"(anonymous_5)","line":43,"loc":{"start":{"line":43,"column":27},"end":{"line":43,"column":39}}}},"statementMap":{"1":{"start":{"line":3,"column":0},"end":{"line":3,"column":26}},"2":{"start":{"line":5,"column":0},"end":{"line":56,"column":2}},"3":{"start":{"line":6,"column":2},"end":{"line":8,"column":28}},"4":{"start":{"line":10,"column":2},"end":{"line":17,"column":3}},"5":{"start":{"line":11,"column":4},"end":{"line":16,"column":5}},"6":{"start":{"line":12,"column":6},"end":{"line":12,"column":20}},"7":{"start":{"line":13,"column":6},"end":{"line":13,"column":30}},"8":{"start":{"line":14,"column":6},"end":{"line":14,"column":56}},"9":{"start":{"line":15,"column":6},"end":{"line":15,"column":23}},"10":{"start":{"line":19,"column":2},"end":{"line":19,"column":40}},"11":{"start":{"line":21,"column":2},"end":{"line":21,"column":21}},"12":{"start":{"line":23,"column":2},"end":{"line":55,"column":3}},"13":{"start":{"line":24,"column":4},"end":{"line":24,"column":91}},"14":{"start":{"line":26,"column":4},"end":{"line":28,"column":5}},"15":{"start":{"line":27,"column":6},"end":{"line":27,"column":13}},"16":{"start":{"line":30,"column":4},"end":{"line":41,"column":7}},"17":{"start":{"line":33,"column":6},"end":{"line":35,"column":7}},"18":{"start":{"line":34,"column":8},"end":{"line":34,"column":15}},"19":{"start":{"line":37,"column":6},"end":{"line":40,"column":7}},"20":{"start":{"line":38,"column":8},"end":{"line":38,"column":22}},"21":{"start":{"line":39,"column":8},"end":{"line":39,"column":71}},"22":{"start":{"line":43,"column":4},"end":{"line":54,"column":16}},"23":{"start":{"line":44,"column":6},"end":{"line":46,"column":7}},"24":{"start":{"line":45,"column":8},"end":{"line":45,"column":15}},"25":{"start":{"line":48,"column":6},"end":{"line":51,"column":7}},"26":{"start":{"line":49,"column":8},"end":{"line":49,"column":22}},"27":{"start":{"line":50,"column":8},"end":{"line":50,"column":119}},"28":{"start":{"line":53,"column":6},"end":{"line":53,"column":38}},"29":{"start":{"line":58,"column":0},"end":{"line":58,"column":36}}},"branchMap":{"1":{"line":11,"type":"if","locations":[{"start":{"line":11,"column":4},"end":{"line":11,"column":4}},{"start":{"line":11,"column":4},"end":{"line":11,"column":4}}]},"2":{"line":11,"type":"binary-expr","locations":[{"start":{"line":11,"column":8},"end":{"line":11,"column":15}},{"start":{"line":11,"column":19},"end":{"line":11,"column":49}}]},"3":{"line":24,"type":"cond-expr","locations":[{"start":{"line":24,"column":74},"end":{"line":24,"column":75}},{"start":{"line":24,"column":78},"end":{"line":24,"column":90}}]},"4":{"line":24,"type":"binary-expr","locations":[{"start":{"line":24,"column":20},"end":{"line":24,"column":41}},{"start":{"line":24,"column":45},"end":{"line":24,"column":71}}]},"5":{"line":26,"type":"if","locations":[{"start":{"line":26,"column":4},"end":{"line":26,"column":4}},{"start":{"line":26,"column":4},"end":{"line":26,"column":4}}]},"6":{"line":33,"type":"if","locations":[{"start":{"line":33,"column":6},"end":{"line":33,"column":6}},{"start":{"line":33,"column":6},"end":{"line":33,"column":6}}]},"7":{"line":37,"type":"if","locations":[{"start":{"line":37,"column":6},"end":{"line":37,"column":6}},{"start":{"line":37,"column":6},"end":{"line":37,"column":6}}]},"8":{"line":44,"type":"if","locations":[{"start":{"line":44,"column":6},"end":{"line":44,"column":6}},{"start":{"line":44,"column":6},"end":{"line":44,"column":6}}]},"9":{"line":48,"type":"if","locations":[{"start":{"line":48,"column":6},"end":{"line":48,"column":6}},{"start":{"line":48,"column":6},"end":{"line":48,"column":6}}]}},"code":["'use strict';","","exports.__esModule = true;","","exports['default'] = function (processObj, cb) {","  var timeout = 100,","      isDone = false,","      timeoutId = undefined;","","  function pongHandler(payload) {","    if (payload && payload.workerEvent === 'pong') {","      isDone = true;","      clearTimeout(timeoutId);","      processObj.removeListener('message', pongHandler);","      cb(null, 'open');","    }","  }","","  processObj.on('message', pongHandler);","","  tryCommunication();","","  function tryCommunication() {","    var shotCount = arguments.length <= 0 || arguments[0] === undefined ? 1 : arguments[0];","","    if (isDone) {","      return;","    }","","    processObj.send({","      workerEvent: 'ping'","    }, undefined, function (err) {","      if (isDone) {","        return;","      }","","      if (err) {","        isDone = true;","        cb(new Error('message could not be sent to electron process'));","      }","    });","","    timeoutId = setTimeout(function () {","      if (isDone) {","        return;","      }","","      if (shotCount > 200) {","        isDone = true;","        return cb(new Error('Worker timeout (' + timeout + ' ms) ocurred waiting for ipc connection to be available'));","      }","","      tryCommunication(shotCount + 1);","    }, timeout);","  }","};","","module.exports = exports['default'];"],"l":{"3":1,"5":1,"6":0,"10":1,"11":0,"12":0,"13":0,"14":0,"15":0,"19":0,"21":0,"23":1,"24":0,"26":0,"27":0,"30":0,"33":0,"34":0,"37":0,"38":0,"39":0,"43":0,"44":0,"45":0,"48":0,"49":0,"50":0,"53":0,"58":1}}}